<html xmlns:math="http://exslt.org/math" xmlns:testng="http://testng.org">
   <head>
      <title>TestNG Reports</title>
      <meta http-equiv="content-type" content="text/html; charset=utf-8"></meta>
      <meta http-equiv="pragma" content="no-cache"></meta>
      <meta http-equiv="cache-control" content="max-age=0"></meta>
      <meta http-equiv="cache-control" content="no-cache"></meta>
      <meta http-equiv="cache-control" content="no-store"></meta>
      <LINK rel="stylesheet" href="style.css"></LINK>
      <script type="text/javascript" src="main.js"></script>
   </head>
   <body>
      <table width="100%" style="font-size: 16px; margin-bottom: 10px;" cellspacing="1">
         <tr>
            <td width="100%">
               Test Case:
               
               <b>Resman</b>
            </td>
            <td style="background-color: #FFBBBB; padding: 3px 3px 3px 0;" align="center">
               <div style="width: 50px;">0</div>
            </td>
            <td style="background-color: lightgreen; padding: 3px 3px 3px 0;" align="center">
               <div style="width: 50px;">0</div>
            </td>
            <td style="background-color: #FFFFBB; padding: 3px 3px 3px 0;" align="center">
               <div style="width: 50px;">4</div>
            </td>
            <td align="center" style="background-color: #eaf0f7; padding: 3px 3px 3px 0;">
               <div style="width: 50px;">4</div>
            </td>
            <td align="center"
                style="font-weight: bold; background-color: #eaf0f7; padding: 3px 3px 3px 0;">
               <div style="width: 50px;">0%</div>
            </td>
            <td style="background-color: #eaf0f7; padding: 3px 3px 3px 0;" align="center"
                nowrap="true">17m
               56s
               
            </td>
         </tr>
      </table>
      <div style="width: 200px;">
         <label for="groupMethodsCheckBox" style="font-weight: bold; margin: 0;">
            <input id="groupMethodsCheckBox" type="checkbox" onclick="switchTestMethodsView(this)"
                   checked=""></input>
            Group by class
            
         </label>
         <br></br>
         <label for="methodsFilter_ALL" style="font-weight: bold; margin: 0;">
            <input id="methodsFilter_ALL" type="checkbox"
                   onclick="testMethodsFilterChanged(this, 'ALL')"></input>
            All
            
         </label>
      </div>
      <label for="methodsFilter_FAIL" style="margin-left: 20px;">
         <input id="methodsFilter_FAIL" type="checkbox"
                onclick="testMethodsFilterChanged(this, 'FAIL')"
                checked=""></input>
         Failed
         
      </label>
      <label for="methodsFilter_PASS">
         <input id="methodsFilter_PASS" type="checkbox"
                onclick="testMethodsFilterChanged(this, 'PASS')"
                checked=""></input>
         Passed
         
      </label>
      <label for="methodsFilter_SKIP">
         <input id="methodsFilter_SKIP" type="checkbox"
                onclick="testMethodsFilterChanged(this, 'SKIP')"
                checked=""></input>
         Skipped
         
      </label>
      <label for="methodsFilter_CONF">
         <input id="methodsFilter_CONF" type="checkbox"
                onclick="testMethodsFilterChanged(this, 'CONF')"></input>
         Config
         
      </label>
      <br></br>
      <div id="testMethodsByStatus" style="display: none;">
         <table class="testMethodsTable" cellpadding="0" cellspacing="0">
            <tr class="methodsTableHeader">
               <td width="100%">Name</td>
               <td nowrap="true">Started</td>
               <td nowrap="true">Duration</td>
               <td>Exception</td>
               <td nowrap="true">TestCase_Description</td>
               <td nowrap="true">Status(Screenshot,if FAIL)</td>
            </tr>
            <tr id="org.ng.TestCases.Resman_startBrowser_byStatus_passed_PASS1_row"
                class="testMethodStatusPASS testMethodStatusCONF">
               <td width="100%" class="firstMethodCell">
                  <a onclick="toggleDetailsVisibility('org.ng.TestCases.Resman_startBrowser_byStatus_passed_PASS1_details')">startBrowser(FF17)</a>
               </td>
               <td nowrap="true">17:54:50</td>
               <td nowrap="true" align="right">46s
                  
               </td>
               <td nowrap="true" width="50px">
                   
                  
               </td>
               <td nowrap="true"></td>
               <td nowrap="true"></td>
            </tr>
            <tr>
               <td colspan="4" class="detailsBox">
                  <div id="org.ng.TestCases.Resman_startBrowser_byStatus_passed_PASS1_details"
                       class="testMethodDetails">
                     <div>
                        <b>Name: </b>startBrowser
                     </div>
                     <div>
                        <b>TestSteps: </b>
                     </div>
                     <div>
                        <b>Expected Result: </b>
                     </div>
                     <div>
                        <b>Parameters: </b>
                        
                        FF17
                        
                        
                     </div>
                  </div>
               </td>
            </tr>
            <tr></tr>
            <tr id="org.ng.TestCases.Resman_startBrowser_byStatus_passed_PASS2_row"
                class="testMethodStatusPASS testMethodStatusCONF">
               <td width="100%" class="firstMethodCell">
                  <a onclick="toggleDetailsVisibility('org.ng.TestCases.Resman_startBrowser_byStatus_passed_PASS2_details')">startBrowser(FF17)</a>
               </td>
               <td nowrap="true">17:54:50</td>
               <td nowrap="true" align="right">33s
                  
               </td>
               <td nowrap="true" width="50px">
                   
                  
               </td>
               <td nowrap="true"></td>
               <td nowrap="true"></td>
            </tr>
            <tr>
               <td colspan="4" class="detailsBox">
                  <div id="org.ng.TestCases.Resman_startBrowser_byStatus_passed_PASS2_details"
                       class="testMethodDetails">
                     <div>
                        <b>Name: </b>startBrowser
                     </div>
                     <div>
                        <b>TestSteps: </b>
                     </div>
                     <div>
                        <b>Expected Result: </b>
                     </div>
                     <div>
                        <b>Parameters: </b>
                        
                        FF17
                        
                        
                     </div>
                  </div>
               </td>
            </tr>
            <tr></tr>
            <tr id="org.ng.TestCases.Resman_startBrowser_byStatus_passed_PASS3_row"
                class="testMethodStatusPASS testMethodStatusCONF">
               <td width="100%" class="firstMethodCell">
                  <a onclick="toggleDetailsVisibility('org.ng.TestCases.Resman_startBrowser_byStatus_passed_PASS3_details')">startBrowser(FF17)</a>
               </td>
               <td nowrap="true">17:54:50</td>
               <td nowrap="true" align="right">1m
                  3s
                  
               </td>
               <td nowrap="true" width="50px">
                   
                  
               </td>
               <td nowrap="true"></td>
               <td nowrap="true"></td>
            </tr>
            <tr>
               <td colspan="4" class="detailsBox">
                  <div id="org.ng.TestCases.Resman_startBrowser_byStatus_passed_PASS3_details"
                       class="testMethodDetails">
                     <div>
                        <b>Name: </b>startBrowser
                     </div>
                     <div>
                        <b>TestSteps: </b>
                     </div>
                     <div>
                        <b>Expected Result: </b>
                     </div>
                     <div>
                        <b>Parameters: </b>
                        
                        FF17
                        
                        
                     </div>
                  </div>
               </td>
            </tr>
            <tr></tr>
            <tr id="org.ng.TestCases.Resman_startBrowser_byStatus_passed_PASS4_row"
                class="testMethodStatusPASS testMethodStatusCONF">
               <td width="100%" class="firstMethodCell">
                  <a onclick="toggleDetailsVisibility('org.ng.TestCases.Resman_startBrowser_byStatus_passed_PASS4_details')">startBrowser(FF17)</a>
               </td>
               <td nowrap="true">17:54:50</td>
               <td nowrap="true" align="right">56s
                  
               </td>
               <td nowrap="true" width="50px">
                   
                  
               </td>
               <td nowrap="true"></td>
               <td nowrap="true"></td>
            </tr>
            <tr>
               <td colspan="4" class="detailsBox">
                  <div id="org.ng.TestCases.Resman_startBrowser_byStatus_passed_PASS4_details"
                       class="testMethodDetails">
                     <div>
                        <b>Name: </b>startBrowser
                     </div>
                     <div>
                        <b>TestSteps: </b>
                     </div>
                     <div>
                        <b>Expected Result: </b>
                     </div>
                     <div>
                        <b>Parameters: </b>
                        
                        FF17
                        
                        
                     </div>
                  </div>
               </td>
            </tr>
            <tr></tr>
            <tr id="org.ng.TestCases.Resman_stopBrowser_byStatus_passed_PASS5_row"
                class="testMethodStatusPASS testMethodStatusCONF">
               <td width="100%" class="firstMethodCell">
                  <a onclick="toggleDetailsVisibility('org.ng.TestCases.Resman_stopBrowser_byStatus_passed_PASS5_details')">stopBrowser()</a>
               </td>
               <td nowrap="true">17:55:55</td>
               <td nowrap="true" align="right">576 ms
                  
               </td>
               <td nowrap="true" width="50px">
                   
                  
               </td>
               <td nowrap="true"></td>
               <td nowrap="true"></td>
            </tr>
            <tr>
               <td colspan="4" class="detailsBox">
                  <div id="org.ng.TestCases.Resman_stopBrowser_byStatus_passed_PASS5_details"
                       class="testMethodDetails">
                     <div>
                        <b>Name: </b>stopBrowser
                     </div>
                     <div>
                        <b>TestSteps: </b>
                     </div>
                     <div>
                        <b>Expected Result: </b>
                     </div>
                  </div>
               </td>
            </tr>
            <tr></tr>
            <tr id="org.ng.TestCases.Resman_stopBrowser_byStatus_passed_PASS6_row"
                class="testMethodStatusPASS testMethodStatusCONF">
               <td width="100%" class="firstMethodCell">
                  <a onclick="toggleDetailsVisibility('org.ng.TestCases.Resman_stopBrowser_byStatus_passed_PASS6_details')">stopBrowser()</a>
               </td>
               <td nowrap="true">18:12:43</td>
               <td nowrap="true" align="right">1 ms
                  
               </td>
               <td nowrap="true" width="50px">
                   
                  
               </td>
               <td nowrap="true"></td>
               <td nowrap="true"></td>
            </tr>
            <tr>
               <td colspan="4" class="detailsBox">
                  <div id="org.ng.TestCases.Resman_stopBrowser_byStatus_passed_PASS6_details"
                       class="testMethodDetails">
                     <div>
                        <b>Name: </b>stopBrowser
                     </div>
                     <div>
                        <b>TestSteps: </b>
                     </div>
                     <div>
                        <b>Expected Result: </b>
                     </div>
                  </div>
               </td>
            </tr>
            <tr></tr>
            <tr id="org.ng.TestCases.Resman_stopBrowser_byStatus_passed_PASS7_row"
                class="testMethodStatusPASS testMethodStatusCONF">
               <td width="100%" class="firstMethodCell">
                  <a onclick="toggleDetailsVisibility('org.ng.TestCases.Resman_stopBrowser_byStatus_passed_PASS7_details')">stopBrowser()</a>
               </td>
               <td nowrap="true">18:12:44</td>
               <td nowrap="true" align="right">0 ms
                  
               </td>
               <td nowrap="true" width="50px">
                   
                  
               </td>
               <td nowrap="true"></td>
               <td nowrap="true"></td>
            </tr>
            <tr>
               <td colspan="4" class="detailsBox">
                  <div id="org.ng.TestCases.Resman_stopBrowser_byStatus_passed_PASS7_details"
                       class="testMethodDetails">
                     <div>
                        <b>Name: </b>stopBrowser
                     </div>
                     <div>
                        <b>TestSteps: </b>
                     </div>
                     <div>
                        <b>Expected Result: </b>
                     </div>
                  </div>
               </td>
            </tr>
            <tr></tr>
            <tr id="org.ng.TestCases.Resman_stopBrowser_byStatus_passed_PASS8_row"
                class="testMethodStatusPASS testMethodStatusCONF">
               <td width="100%" class="firstMethodCell">
                  <a onclick="toggleDetailsVisibility('org.ng.TestCases.Resman_stopBrowser_byStatus_passed_PASS8_details')">stopBrowser()</a>
               </td>
               <td nowrap="true">18:12:46</td>
               <td nowrap="true" align="right">0 ms
                  
               </td>
               <td nowrap="true" width="50px">
                   
                  
               </td>
               <td nowrap="true"></td>
               <td nowrap="true"></td>
            </tr>
            <tr>
               <td colspan="4" class="detailsBox">
                  <div id="org.ng.TestCases.Resman_stopBrowser_byStatus_passed_PASS8_details"
                       class="testMethodDetails">
                     <div>
                        <b>Name: </b>stopBrowser
                     </div>
                     <div>
                        <b>TestSteps: </b>
                     </div>
                     <div>
                        <b>Expected Result: </b>
                     </div>
                  </div>
               </td>
            </tr>
            <tr></tr>
            <tr id="org.ng.TestCases.Resman_TC_Resman_5_byStatus_skiped_SKIP1_row"
                class="testMethodStatusSKIP">
               <td width="100%" class="firstMethodCell">
                  <a onclick="toggleDetailsVisibility('org.ng.TestCases.Resman_TC_Resman_5_byStatus_skiped_SKIP1_details')">TC_Resman_5()</a>
               </td>
               <td nowrap="true">17:55:23</td>
               <td nowrap="true" align="right">17m
                  19s
                  
               </td>
               <td nowrap="true" width="50px">
                  <a onclick="toggleDetailsVisibility('org.ng.TestCases.Resman_TC_Resman_5_byStatus_skiped_SKIP1_exception')">org.openqa.selenium.WebDriverException:: 
                     <b>
                        '[JavaScript Error: "e is null" {file: "file:///C:/Users/VIPUL~1.GOY/AppData/Local/Temp/anonymous7377864361811893865webdriver-profile/extensions/fxdriver@googlecode.com/components/command_processor.js"
                        line: 9904}]' when calling method: [nsICommandProcessor::execute]
                        Command duration or timeout: 17 milliseconds
                        Build info: version: '2.26.0', revision: '18041', time: '2012-11-01 19:33:38'
                        System info: os.name: 'Windows 8', os.arch: 'amd64', os.version: '6.2', java.version: '1.7.0_25'
                        Driver info: driver.version: FirefoxDriver
                        
                     </b>
                  </a>
                   
                  
               </td>
               <td nowrap="true">
                  <div>
                     <code></code>
                  </div>
                  <div>
                     <code></code>
                  </div>
                  <div>
                     <code></code>
                  </div>
                  <div>
                     <code>
                        [BriefDesc]: Verify Resman Validations for Arabic user.
                        
                     </code>
                  </div>
                  <div>
                     <code></code>
                  </div>
                  <div>
                     <code></code>
                  </div>
               </td>
               <td nowrap="true">
                  <div>
                     <code>
                        [Status]:TC_Resman_5_FAIL
                        
                     </code>
                  </div>
                  <div>
                     <code>
                        [End]:06_12_42PM_24_Feb_2014_IP192.168.123.83
                        
                     </code>
                  </div>
                  <div>
                     <code>
                        [Snapshot]:<a href=..\resources\screenshots\TC_Resman_5___Feb_24_2014_06_12_42PM_.png target='_blank'>Click Here</a>
                        
                     </code>
                  </div>
                  <div>
                     <code></code>
                  </div>
                  <div>
                     <code></code>
                  </div>
                  <div>
                     <code></code>
                  </div>
               </td>
            </tr>
            <tr>
               <td colspan="4" class="detailsBox">
                  <div id="org.ng.TestCases.Resman_TC_Resman_5_byStatus_skiped_SKIP1_details"
                       class="testMethodDetails">
                     <div>
                        <b>Name: </b>TC_Resman_5
                     </div>
                     <div>
                        <b>TestSteps: </b>
                        [Steps]: C:\workspace\NaukriGulf\documents\Resman\ResmanValidations.xls
                        
                     </div>
                     <div>
                        <b>Expected Result: </b>
                        [Expected]: Expected Result is not provided
                        
                     </div>
                  </div>
               </td>
            </tr>
            <tr>
               <td colspan="4" class="detailsBox">
                  <div id="org.ng.TestCases.Resman_TC_Resman_5_byStatus_skiped_SKIP1_exception"
                       class="testMethodDetails">
                     <pre style="padding: 5px; margin: 0;">org.openqa.selenium.WebDriverException: '[JavaScript Error: "e is null" {file: "file:///C:/Users/VIPUL~1.GOY/AppData/Local/Temp/anonymous7377864361811893865webdriver-profile/extensions/fxdriver@googlecode.com/components/command_processor.js"
                        line: 9904}]' when calling method: [nsICommandProcessor::execute]
                        Command duration or timeout: 17 milliseconds
                        Build info: version: '2.26.0', revision: '18041', time: '2012-11-01 19:33:38'
                        System info: os.name: 'Windows 8', os.arch: 'amd64', os.version: '6.2', java.version: '1.7.0_25'
                        Driver info: driver.version: FirefoxDriver
                        	at sun.reflect.NativeConstructorAccessorImpl.newInstance0(Native Method)
                        	at sun.reflect.NativeConstructorAccessorImpl.newInstance(Unknown Source)
                        	at sun.reflect.DelegatingConstructorAccessorImpl.newInstance(Unknown Source)
                        	at java.lang.reflect.Constructor.newInstance(Unknown Source)
                        	at org.openqa.selenium.remote.ErrorHandler.createThrowable(ErrorHandler.java:188)
                        	at org.openqa.selenium.remote.ErrorHandler.throwIfResponseFailed(ErrorHandler.java:145)
                        	at org.openqa.selenium.remote.RemoteWebDriver.execute(RemoteWebDriver.java:531)
                        	at org.openqa.selenium.firefox.FirefoxDriver.access$0(FirefoxDriver.java:1)
                        	at org.openqa.selenium.firefox.FirefoxDriver$1$1.implicitlyWait(FirefoxDriver.java:215)
                        	at org.ng.GenericFunctionsPack.GenericFunctions.SetImplicitWaitInSeconds(GenericFunctions.java:62)
                        	at org.ng.JobSeeker.ResmanMNJ.getResmanValidation(ResmanMNJ.java:827)
                        	at org.ng.TestCases.Resman.TC_Resman_5(Resman.java:133)
                        	at sun.reflect.NativeMethodAccessorImpl.invoke0(Native Method)
                        	at sun.reflect.NativeMethodAccessorImpl.invoke(Unknown Source)
                        	at sun.reflect.DelegatingMethodAccessorImpl.invoke(Unknown Source)
                        	at java.lang.reflect.Method.invoke(Unknown Source)
                        	at org.testng.internal.MethodInvocationHelper.invokeMethod(MethodInvocationHelper.java:80)
                        	at org.testng.internal.Invoker.invokeMethod(Invoker.java:714)
                        	at org.testng.internal.Invoker.invokeTestMethod(Invoker.java:901)
                        	at org.testng.internal.Invoker.invokeTestMethods(Invoker.java:1231)
                        	at org.testng.internal.TestMethodWorker.invokeTestMethods(TestMethodWorker.java:127)
                        	at org.testng.internal.TestMethodWorker.run(TestMethodWorker.java:111)
                        	at java.util.concurrent.ThreadPoolExecutor.runWorker(Unknown Source)
                        	at java.util.concurrent.ThreadPoolExecutor$Worker.run(Unknown Source)
                        	at java.lang.Thread.run(Unknown Source)
                        Caused by: org.openqa.selenium.remote.ErrorHandler$UnknownServerException: '[JavaScript Error: "e is null" {file: "file:///C:/Users/VIPUL~1.GOY/AppData/Local/Temp/anonymous7377864361811893865webdriver-profile/extensions/fxdriver@googlecode.com/components/command_processor.js"
                        line: 9904}]' when calling method: [nsICommandProcessor::execute]
                        Build info: version: '2.26.0', revision: '18041', time: '2012-11-01 19:33:38'
                        System info: os.name: 'Windows 8', os.arch: 'amd64', os.version: '6.2', java.version: '1.7.0_25'
                        Driver info: driver.version: unknown
                     </pre>
                  </div>
               </td>
            </tr>
            <tr id="org.ng.TestCases.Resman_TC_Resman_2_byStatus_skiped_SKIP2_row"
                class="testMethodStatusSKIP">
               <td width="100%" class="firstMethodCell">
                  <a onclick="toggleDetailsVisibility('org.ng.TestCases.Resman_TC_Resman_2_byStatus_skiped_SKIP2_details')">TC_Resman_2()</a>
               </td>
               <td nowrap="true">17:55:36</td>
               <td nowrap="true" align="right">18s
                  
               </td>
               <td nowrap="true" width="50px">
                  <a onclick="toggleDetailsVisibility('org.ng.TestCases.Resman_TC_Resman_2_byStatus_skiped_SKIP2_exception')">java.lang.NullPointerException:: 
                     <b></b>
                  </a>
                   
                  
               </td>
               <td nowrap="true">
                  <div>
                     <code></code>
                  </div>
                  <div>
                     <code></code>
                  </div>
                  <div>
                     <code></code>
                  </div>
                  <div>
                     <code>
                        [BriefDesc]: Verify the attach Cv functionality
                        
                     </code>
                  </div>
                  <div>
                     <code></code>
                  </div>
                  <div>
                     <code></code>
                  </div>
               </td>
               <td nowrap="true">
                  <div>
                     <code>
                        [Status]:TC_Resman_2_FAIL
                        
                     </code>
                  </div>
                  <div>
                     <code>
                        [End]:05_55_55PM_24_Feb_2014_IP192.168.123.83
                        
                     </code>
                  </div>
                  <div>
                     <code>
                        [Snapshot]:<a href=..\resources\screenshots\TC_Resman_2___Feb_24_2014_05_55_55PM_.png target='_blank'>Click Here</a>
                        
                     </code>
                  </div>
                  <div>
                     <code></code>
                  </div>
                  <div>
                     <code></code>
                  </div>
                  <div>
                     <code></code>
                  </div>
               </td>
            </tr>
            <tr>
               <td colspan="4" class="detailsBox">
                  <div id="org.ng.TestCases.Resman_TC_Resman_2_byStatus_skiped_SKIP2_details"
                       class="testMethodDetails">
                     <div>
                        <b>Name: </b>TC_Resman_2
                     </div>
                     <div>
                        <b>TestSteps: </b>
                        [Steps]: C:\workspace\NaukriGulf\documents\Resman\ResmanValidations.xls
                        
                     </div>
                     <div>
                        <b>Expected Result: </b>
                        [Expected]: Check with the Excel sheet for the results..
                        
                     </div>
                  </div>
               </td>
            </tr>
            <tr>
               <td colspan="4" class="detailsBox">
                  <div id="org.ng.TestCases.Resman_TC_Resman_2_byStatus_skiped_SKIP2_exception"
                       class="testMethodDetails">
                     <pre style="padding: 5px; margin: 0;">java.lang.NullPointerException
                        	at org.ng.JobSeeker.ResmanMNJ.verifyAttachCV(ResmanMNJ.java:917)
                        	at org.ng.TestCases.Resman.TC_Resman_2(Resman.java:89)
                        	at sun.reflect.NativeMethodAccessorImpl.invoke0(Native Method)
                        	at sun.reflect.NativeMethodAccessorImpl.invoke(Unknown Source)
                        	at sun.reflect.DelegatingMethodAccessorImpl.invoke(Unknown Source)
                        	at java.lang.reflect.Method.invoke(Unknown Source)
                        	at org.testng.internal.MethodInvocationHelper.invokeMethod(MethodInvocationHelper.java:80)
                        	at org.testng.internal.Invoker.invokeMethod(Invoker.java:714)
                        	at org.testng.internal.Invoker.invokeTestMethod(Invoker.java:901)
                        	at org.testng.internal.Invoker.invokeTestMethods(Invoker.java:1231)
                        	at org.testng.internal.TestMethodWorker.invokeTestMethods(TestMethodWorker.java:127)
                        	at org.testng.internal.TestMethodWorker.run(TestMethodWorker.java:111)
                        	at java.util.concurrent.ThreadPoolExecutor.runWorker(Unknown Source)
                        	at java.util.concurrent.ThreadPoolExecutor$Worker.run(Unknown Source)
                        	at java.lang.Thread.run(Unknown Source)
                     </pre>
                  </div>
               </td>
            </tr>
            <tr id="org.ng.TestCases.Resman_TC_Resman_3_byStatus_skiped_SKIP3_row"
                class="testMethodStatusSKIP">
               <td width="100%" class="firstMethodCell">
                  <a onclick="toggleDetailsVisibility('org.ng.TestCases.Resman_TC_Resman_3_byStatus_skiped_SKIP3_details')">TC_Resman_3()</a>
               </td>
               <td nowrap="true">17:55:46</td>
               <td nowrap="true" align="right">16m
                  57s
                  
               </td>
               <td nowrap="true" width="50px">
                  <a onclick="toggleDetailsVisibility('org.ng.TestCases.Resman_TC_Resman_3_byStatus_skiped_SKIP3_exception')">org.openqa.selenium.remote.UnreachableBrowserException:: 
                     <b>
                        Error communicating with the remote browser. It may have died.
                        Build info: version: '2.26.0', revision: '18041', time: '2012-11-01 19:33:38'
                        System info: os.name: 'Windows 8', os.arch: 'amd64', os.version: '6.2', java.version: '1.7.0_25'
                        Driver info: driver.version: FirefoxDriver
                        
                     </b>
                  </a>
                   
                  
               </td>
               <td nowrap="true">
                  <div>
                     <code></code>
                  </div>
                  <div>
                     <code></code>
                  </div>
                  <div>
                     <code></code>
                  </div>
                  <div>
                     <code>
                        [BriefDesc]: Verify the Registration of a new user filling all the 3 pages
                        
                     </code>
                  </div>
                  <div>
                     <code></code>
                  </div>
                  <div>
                     <code></code>
                  </div>
               </td>
               <td nowrap="true">
                  <div>
                     <code>
                        [Status]:TC_Resman_3_FAIL
                        
                     </code>
                  </div>
                  <div>
                     <code>
                        [End]:06_12_44PM_24_Feb_2014_IP192.168.123.83
                        
                     </code>
                  </div>
                  <div>
                     <code>
                        [Snapshot]:<a href=..\resources\screenshots\TC_Resman_3___Feb_24_2014_06_12_44PM_.png target='_blank'>Click Here</a>
                        
                     </code>
                  </div>
                  <div>
                     <code></code>
                  </div>
                  <div>
                     <code></code>
                  </div>
                  <div>
                     <code></code>
                  </div>
               </td>
            </tr>
            <tr>
               <td colspan="4" class="detailsBox">
                  <div id="org.ng.TestCases.Resman_TC_Resman_3_byStatus_skiped_SKIP3_details"
                       class="testMethodDetails">
                     <div>
                        <b>Name: </b>TC_Resman_3
                     </div>
                     <div>
                        <b>TestSteps: </b>
                        [Steps]: Fill all the 3 pages on resman
                        
                     </div>
                     <div>
                        <b>Expected Result: </b>
                        [Expected]: There should be a confirmation message shown on MNJ page when SUBMIT for the third page is clicked.
                        
                     </div>
                  </div>
               </td>
            </tr>
            <tr>
               <td colspan="4" class="detailsBox">
                  <div id="org.ng.TestCases.Resman_TC_Resman_3_byStatus_skiped_SKIP3_exception"
                       class="testMethodDetails">
                     <pre style="padding: 5px; margin: 0;">org.openqa.selenium.remote.UnreachableBrowserException: Error communicating with the remote browser. It may have died.
                        Build info: version: '2.26.0', revision: '18041', time: '2012-11-01 19:33:38'
                        System info: os.name: 'Windows 8', os.arch: 'amd64', os.version: '6.2', java.version: '1.7.0_25'
                        Driver info: driver.version: FirefoxDriver
                        	at org.openqa.selenium.remote.RemoteWebDriver.execute(RemoteWebDriver.java:526)
                        	at org.openqa.selenium.firefox.FirefoxDriver.access$0(FirefoxDriver.java:1)
                        	at org.openqa.selenium.firefox.FirefoxDriver$1$1.implicitlyWait(FirefoxDriver.java:215)
                        	at org.ng.GenericFunctionsPack.GenericFunctions.SetImplicitWaitInSeconds(GenericFunctions.java:62)
                        	at org.ng.JobSeeker.ResmanMNJ.resmanP2(ResmanMNJ.java:336)
                        	at org.ng.TestCases.Resman.TC_Resman_3(Resman.java:103)
                        	at sun.reflect.NativeMethodAccessorImpl.invoke0(Native Method)
                        	at sun.reflect.NativeMethodAccessorImpl.invoke(Unknown Source)
                        	at sun.reflect.DelegatingMethodAccessorImpl.invoke(Unknown Source)
                        	at java.lang.reflect.Method.invoke(Unknown Source)
                        	at org.testng.internal.MethodInvocationHelper.invokeMethod(MethodInvocationHelper.java:80)
                        	at org.testng.internal.Invoker.invokeMethod(Invoker.java:714)
                        	at org.testng.internal.Invoker.invokeTestMethod(Invoker.java:901)
                        	at org.testng.internal.Invoker.invokeTestMethods(Invoker.java:1231)
                        	at org.testng.internal.TestMethodWorker.invokeTestMethods(TestMethodWorker.java:127)
                        	at org.testng.internal.TestMethodWorker.run(TestMethodWorker.java:111)
                        	at java.util.concurrent.ThreadPoolExecutor.runWorker(Unknown Source)
                        	at java.util.concurrent.ThreadPoolExecutor$Worker.run(Unknown Source)
                        	at java.lang.Thread.run(Unknown Source)
                        Caused by: org.apache.http.conn.HttpHostConnectException: Connection to http://127.0.0.1:7058 refused
                        	at org.apache.http.impl.conn.DefaultClientConnectionOperator.openConnection(DefaultClientConnectionOperator.java:190)
                        	at org.apache.http.impl.conn.AbstractPoolEntry.open(AbstractPoolEntry.java:151)
                        	at org.apache.http.impl.conn.AbstractPooledConnAdapter.open(AbstractPooledConnAdapter.java:125)
                        	at org.apache.http.impl.client.DefaultRequestDirector.tryConnect(DefaultRequestDirector.java:640)
                        	at org.apache.http.impl.client.DefaultRequestDirector.execute(DefaultRequestDirector.java:479)
                        	at org.apache.http.impl.client.AbstractHttpClient.execute(AbstractHttpClient.java:906)
                        	at org.openqa.selenium.remote.HttpCommandExecutor.fallBackExecute(HttpCommandExecutor.java:329)
                        	at org.openqa.selenium.remote.HttpCommandExecutor.execute(HttpCommandExecutor.java:300)
                        	at org.openqa.selenium.firefox.internal.NewProfileExtensionConnection.execute(NewProfileExtensionConnection.java:133)
                        	at org.openqa.selenium.firefox.FirefoxDriver$LazyCommandExecutor.execute(FirefoxDriver.java:353)
                        	at org.openqa.selenium.remote.RemoteWebDriver.execute(RemoteWebDriver.java:505)
                        	... 18 more
                        Caused by: java.net.ConnectException: Connection refused: connect
                        	at java.net.DualStackPlainSocketImpl.waitForConnect(Native Method)
                        	at java.net.DualStackPlainSocketImpl.socketConnect(Unknown Source)
                        	at java.net.AbstractPlainSocketImpl.doConnect(Unknown Source)
                        	at java.net.AbstractPlainSocketImpl.connectToAddress(Unknown Source)
                        	at java.net.AbstractPlainSocketImpl.connect(Unknown Source)
                        	at java.net.PlainSocketImpl.connect(Unknown Source)
                        	at java.net.SocksSocketImpl.connect(Unknown Source)
                        	at java.net.Socket.connect(Unknown Source)
                        	at org.apache.http.conn.scheme.PlainSocketFactory.connectSocket(PlainSocketFactory.java:127)
                        	at org.apache.http.impl.conn.DefaultClientConnectionOperator.openConnection(DefaultClientConnectionOperator.java:180)
                        	... 28 more
                     </pre>
                  </div>
               </td>
            </tr>
            <tr id="org.ng.TestCases.Resman_TC_Resman_1_byStatus_skiped_SKIP4_row"
                class="testMethodStatusSKIP">
               <td width="100%" class="firstMethodCell">
                  <a onclick="toggleDetailsVisibility('org.ng.TestCases.Resman_TC_Resman_1_byStatus_skiped_SKIP4_details')">TC_Resman_1()</a>
               </td>
               <td nowrap="true">17:55:54</td>
               <td nowrap="true" align="right">16m
                  52s
                  
               </td>
               <td nowrap="true" width="50px">
                  <a onclick="toggleDetailsVisibility('org.ng.TestCases.Resman_TC_Resman_1_byStatus_skiped_SKIP4_exception')">org.openqa.selenium.remote.UnreachableBrowserException:: 
                     <b>
                        Error communicating with the remote browser. It may have died.
                        Build info: version: '2.26.0', revision: '18041', time: '2012-11-01 19:33:38'
                        System info: os.name: 'Windows 8', os.arch: 'amd64', os.version: '6.2', java.version: '1.7.0_25'
                        Driver info: driver.version: FirefoxDriver
                        
                     </b>
                  </a>
                   
                  
               </td>
               <td nowrap="true">
                  <div>
                     <code></code>
                  </div>
                  <div>
                     <code></code>
                  </div>
                  <div>
                     <code></code>
                  </div>
                  <div>
                     <code>
                        [BriefDesc]: Verify Resman Validations for English User
                        
                     </code>
                  </div>
                  <div>
                     <code></code>
                  </div>
                  <div>
                     <code></code>
                  </div>
               </td>
               <td nowrap="true">
                  <div>
                     <code>
                        [Status]:TC_Resman_1_FAIL
                        
                     </code>
                  </div>
                  <div>
                     <code>
                        [End]:06_12_46PM_24_Feb_2014_IP192.168.123.83
                        
                     </code>
                  </div>
                  <div>
                     <code>
                        [Snapshot]:<a href=..\resources\screenshots\TC_Resman_1___Feb_24_2014_06_12_46PM_.png target='_blank'>Click Here</a>
                        
                     </code>
                  </div>
                  <div>
                     <code></code>
                  </div>
                  <div>
                     <code></code>
                  </div>
                  <div>
                     <code></code>
                  </div>
               </td>
            </tr>
            <tr>
               <td colspan="4" class="detailsBox">
                  <div id="org.ng.TestCases.Resman_TC_Resman_1_byStatus_skiped_SKIP4_details"
                       class="testMethodDetails">
                     <div>
                        <b>Name: </b>TC_Resman_1
                     </div>
                     <div>
                        <b>TestSteps: </b>
                        [Steps]: C:\workspace\NaukriGulf\documents\Resman\ResmanValidations.xls
                        
                     </div>
                     <div>
                        <b>Expected Result: </b>
                        [Expected]: Check with the Excel sheet for the results..
                        
                     </div>
                  </div>
               </td>
            </tr>
            <tr>
               <td colspan="4" class="detailsBox">
                  <div id="org.ng.TestCases.Resman_TC_Resman_1_byStatus_skiped_SKIP4_exception"
                       class="testMethodDetails">
                     <pre style="padding: 5px; margin: 0;">org.openqa.selenium.remote.UnreachableBrowserException: Error communicating with the remote browser. It may have died.
                        Build info: version: '2.26.0', revision: '18041', time: '2012-11-01 19:33:38'
                        System info: os.name: 'Windows 8', os.arch: 'amd64', os.version: '6.2', java.version: '1.7.0_25'
                        Driver info: driver.version: FirefoxDriver
                        	at org.openqa.selenium.remote.RemoteWebDriver.execute(RemoteWebDriver.java:526)
                        	at org.openqa.selenium.firefox.FirefoxDriver.access$0(FirefoxDriver.java:1)
                        	at org.openqa.selenium.firefox.FirefoxDriver$1$1.implicitlyWait(FirefoxDriver.java:215)
                        	at org.ng.GenericFunctionsPack.GenericFunctions.SetImplicitWaitInSeconds(GenericFunctions.java:62)
                        	at org.ng.JobSeeker.ResmanMNJ.getResmanValidation(ResmanMNJ.java:827)
                        	at org.ng.TestCases.Resman.TC_Resman_1(Resman.java:76)
                        	at sun.reflect.NativeMethodAccessorImpl.invoke0(Native Method)
                        	at sun.reflect.NativeMethodAccessorImpl.invoke(Unknown Source)
                        	at sun.reflect.DelegatingMethodAccessorImpl.invoke(Unknown Source)
                        	at java.lang.reflect.Method.invoke(Unknown Source)
                        	at org.testng.internal.MethodInvocationHelper.invokeMethod(MethodInvocationHelper.java:80)
                        	at org.testng.internal.Invoker.invokeMethod(Invoker.java:714)
                        	at org.testng.internal.Invoker.invokeTestMethod(Invoker.java:901)
                        	at org.testng.internal.Invoker.invokeTestMethods(Invoker.java:1231)
                        	at org.testng.internal.TestMethodWorker.invokeTestMethods(TestMethodWorker.java:127)
                        	at org.testng.internal.TestMethodWorker.run(TestMethodWorker.java:111)
                        	at java.util.concurrent.ThreadPoolExecutor.runWorker(Unknown Source)
                        	at java.util.concurrent.ThreadPoolExecutor$Worker.run(Unknown Source)
                        	at java.lang.Thread.run(Unknown Source)
                        Caused by: org.apache.http.conn.HttpHostConnectException: Connection to http://127.0.0.1:7058 refused
                        	at org.apache.http.impl.conn.DefaultClientConnectionOperator.openConnection(DefaultClientConnectionOperator.java:190)
                        	at org.apache.http.impl.conn.AbstractPoolEntry.open(AbstractPoolEntry.java:151)
                        	at org.apache.http.impl.conn.AbstractPooledConnAdapter.open(AbstractPooledConnAdapter.java:125)
                        	at org.apache.http.impl.client.DefaultRequestDirector.tryConnect(DefaultRequestDirector.java:640)
                        	at org.apache.http.impl.client.DefaultRequestDirector.execute(DefaultRequestDirector.java:479)
                        	at org.apache.http.impl.client.AbstractHttpClient.execute(AbstractHttpClient.java:906)
                        	at org.openqa.selenium.remote.HttpCommandExecutor.fallBackExecute(HttpCommandExecutor.java:329)
                        	at org.openqa.selenium.remote.HttpCommandExecutor.execute(HttpCommandExecutor.java:300)
                        	at org.openqa.selenium.firefox.internal.NewProfileExtensionConnection.execute(NewProfileExtensionConnection.java:133)
                        	at org.openqa.selenium.firefox.FirefoxDriver$LazyCommandExecutor.execute(FirefoxDriver.java:353)
                        	at org.openqa.selenium.remote.RemoteWebDriver.execute(RemoteWebDriver.java:505)
                        	... 18 more
                        Caused by: java.net.ConnectException: Connection refused: connect
                        	at java.net.DualStackPlainSocketImpl.waitForConnect(Native Method)
                        	at java.net.DualStackPlainSocketImpl.socketConnect(Unknown Source)
                        	at java.net.AbstractPlainSocketImpl.doConnect(Unknown Source)
                        	at java.net.AbstractPlainSocketImpl.connectToAddress(Unknown Source)
                        	at java.net.AbstractPlainSocketImpl.connect(Unknown Source)
                        	at java.net.PlainSocketImpl.connect(Unknown Source)
                        	at java.net.SocksSocketImpl.connect(Unknown Source)
                        	at java.net.Socket.connect(Unknown Source)
                        	at org.apache.http.conn.scheme.PlainSocketFactory.connectSocket(PlainSocketFactory.java:127)
                        	at org.apache.http.impl.conn.DefaultClientConnectionOperator.openConnection(DefaultClientConnectionOperator.java:180)
                        	... 28 more
                     </pre>
                  </div>
               </td>
            </tr>
         </table>
      </div>
      <div id="testMethodsByClass">
         <table class="testMethodsTable" cellpadding="0" cellspacing="0">
            <tr>
               <td colspan="4">
                  <h3 style="display: inline;">org.ng.TestCases.Resman</h3>
               </td>
            </tr>
            <tr class="methodsTableHeader">
               <td width="100%">Name</td>
               <td nowrap="true">Started</td>
               <td nowrap="true">Duration</td>
               <td>Exception</td>
               <td nowrap="true">TestCase_Description</td>
               <td nowrap="true">Status(Screenshot,if FAIL)</td>
            </tr>
            <tr id="org.ng.TestCases.Resman_startBrowser_byClass_PASS1_row"
                class="testMethodStatusPASS testMethodStatusCONF">
               <td width="100%" class="firstMethodCell">
                  <a onclick="toggleDetailsVisibility('org.ng.TestCases.Resman_startBrowser_byClass_PASS1_details')">startBrowser(FF17)</a>
               </td>
               <td nowrap="true">17:54:50</td>
               <td nowrap="true" align="right">46s
                  
               </td>
               <td nowrap="true" width="50px">
                   
                  
               </td>
               <td nowrap="true"></td>
               <td nowrap="true"></td>
            </tr>
            <tr>
               <td colspan="4" class="detailsBox">
                  <div id="org.ng.TestCases.Resman_startBrowser_byClass_PASS1_details"
                       class="testMethodDetails">
                     <div>
                        <b>Name: </b>startBrowser
                     </div>
                     <div>
                        <b>TestSteps: </b>
                     </div>
                     <div>
                        <b>Expected Result: </b>
                     </div>
                     <div>
                        <b>Parameters: </b>
                        
                        FF17
                        
                        
                     </div>
                  </div>
               </td>
            </tr>
            <tr></tr>
            <tr id="org.ng.TestCases.Resman_startBrowser_byClass_PASS2_row"
                class="testMethodStatusPASS testMethodStatusCONF">
               <td width="100%" class="firstMethodCell">
                  <a onclick="toggleDetailsVisibility('org.ng.TestCases.Resman_startBrowser_byClass_PASS2_details')">startBrowser(FF17)</a>
               </td>
               <td nowrap="true">17:54:50</td>
               <td nowrap="true" align="right">33s
                  
               </td>
               <td nowrap="true" width="50px">
                   
                  
               </td>
               <td nowrap="true"></td>
               <td nowrap="true"></td>
            </tr>
            <tr>
               <td colspan="4" class="detailsBox">
                  <div id="org.ng.TestCases.Resman_startBrowser_byClass_PASS2_details"
                       class="testMethodDetails">
                     <div>
                        <b>Name: </b>startBrowser
                     </div>
                     <div>
                        <b>TestSteps: </b>
                     </div>
                     <div>
                        <b>Expected Result: </b>
                     </div>
                     <div>
                        <b>Parameters: </b>
                        
                        FF17
                        
                        
                     </div>
                  </div>
               </td>
            </tr>
            <tr></tr>
            <tr id="org.ng.TestCases.Resman_startBrowser_byClass_PASS3_row"
                class="testMethodStatusPASS testMethodStatusCONF">
               <td width="100%" class="firstMethodCell">
                  <a onclick="toggleDetailsVisibility('org.ng.TestCases.Resman_startBrowser_byClass_PASS3_details')">startBrowser(FF17)</a>
               </td>
               <td nowrap="true">17:54:50</td>
               <td nowrap="true" align="right">1m
                  3s
                  
               </td>
               <td nowrap="true" width="50px">
                   
                  
               </td>
               <td nowrap="true"></td>
               <td nowrap="true"></td>
            </tr>
            <tr>
               <td colspan="4" class="detailsBox">
                  <div id="org.ng.TestCases.Resman_startBrowser_byClass_PASS3_details"
                       class="testMethodDetails">
                     <div>
                        <b>Name: </b>startBrowser
                     </div>
                     <div>
                        <b>TestSteps: </b>
                     </div>
                     <div>
                        <b>Expected Result: </b>
                     </div>
                     <div>
                        <b>Parameters: </b>
                        
                        FF17
                        
                        
                     </div>
                  </div>
               </td>
            </tr>
            <tr></tr>
            <tr id="org.ng.TestCases.Resman_startBrowser_byClass_PASS4_row"
                class="testMethodStatusPASS testMethodStatusCONF">
               <td width="100%" class="firstMethodCell">
                  <a onclick="toggleDetailsVisibility('org.ng.TestCases.Resman_startBrowser_byClass_PASS4_details')">startBrowser(FF17)</a>
               </td>
               <td nowrap="true">17:54:50</td>
               <td nowrap="true" align="right">56s
                  
               </td>
               <td nowrap="true" width="50px">
                   
                  
               </td>
               <td nowrap="true"></td>
               <td nowrap="true"></td>
            </tr>
            <tr>
               <td colspan="4" class="detailsBox">
                  <div id="org.ng.TestCases.Resman_startBrowser_byClass_PASS4_details"
                       class="testMethodDetails">
                     <div>
                        <b>Name: </b>startBrowser
                     </div>
                     <div>
                        <b>TestSteps: </b>
                     </div>
                     <div>
                        <b>Expected Result: </b>
                     </div>
                     <div>
                        <b>Parameters: </b>
                        
                        FF17
                        
                        
                     </div>
                  </div>
               </td>
            </tr>
            <tr></tr>
            <tr id="org.ng.TestCases.Resman_TC_Resman_5_byClass_SKIP5_row"
                class="testMethodStatusSKIP">
               <td width="100%" class="firstMethodCell">
                  <a onclick="toggleDetailsVisibility('org.ng.TestCases.Resman_TC_Resman_5_byClass_SKIP5_details')">TC_Resman_5()</a>
               </td>
               <td nowrap="true">17:55:23</td>
               <td nowrap="true" align="right">17m
                  19s
                  
               </td>
               <td nowrap="true" width="50px">
                  <a onclick="toggleDetailsVisibility('org.ng.TestCases.Resman_TC_Resman_5_byClass_SKIP5_exception')">org.openqa.selenium.WebDriverException:: 
                     <b>
                        '[JavaScript Error: "e is null" {file: "file:///C:/Users/VIPUL~1.GOY/AppData/Local/Temp/anonymous7377864361811893865webdriver-profile/extensions/fxdriver@googlecode.com/components/command_processor.js"
                        line: 9904}]' when calling method: [nsICommandProcessor::execute]
                        Command duration or timeout: 17 milliseconds
                        Build info: version: '2.26.0', revision: '18041', time: '2012-11-01 19:33:38'
                        System info: os.name: 'Windows 8', os.arch: 'amd64', os.version: '6.2', java.version: '1.7.0_25'
                        Driver info: driver.version: FirefoxDriver
                        
                     </b>
                  </a>
                   
                  
               </td>
               <td nowrap="true">
                  <div>
                     <code></code>
                  </div>
                  <div>
                     <code></code>
                  </div>
                  <div>
                     <code></code>
                  </div>
                  <div>
                     <code>
                        [BriefDesc]: Verify Resman Validations for Arabic user.
                        
                     </code>
                  </div>
                  <div>
                     <code></code>
                  </div>
                  <div>
                     <code></code>
                  </div>
               </td>
               <td nowrap="true">
                  <div>
                     <code>
                        [Status]:TC_Resman_5_FAIL
                        
                     </code>
                  </div>
                  <div>
                     <code>
                        [End]:06_12_42PM_24_Feb_2014_IP192.168.123.83
                        
                     </code>
                  </div>
                  <div>
                     <code>
                        [Snapshot]:<a href=..\resources\screenshots\TC_Resman_5___Feb_24_2014_06_12_42PM_.png target='_blank'>Click Here</a>
                        
                     </code>
                  </div>
                  <div>
                     <code></code>
                  </div>
                  <div>
                     <code></code>
                  </div>
                  <div>
                     <code></code>
                  </div>
               </td>
            </tr>
            <tr>
               <td colspan="4" class="detailsBox">
                  <div id="org.ng.TestCases.Resman_TC_Resman_5_byClass_SKIP5_details"
                       class="testMethodDetails">
                     <div>
                        <b>Name: </b>TC_Resman_5
                     </div>
                     <div>
                        <b>TestSteps: </b>
                        [Steps]: C:\workspace\NaukriGulf\documents\Resman\ResmanValidations.xls
                        
                     </div>
                     <div>
                        <b>Expected Result: </b>
                        [Expected]: Expected Result is not provided
                        
                     </div>
                  </div>
               </td>
            </tr>
            <tr>
               <td colspan="4" class="detailsBox">
                  <div id="org.ng.TestCases.Resman_TC_Resman_5_byClass_SKIP5_exception"
                       class="testMethodDetails">
                     <pre style="padding: 5px; margin: 0;">org.openqa.selenium.WebDriverException: '[JavaScript Error: "e is null" {file: "file:///C:/Users/VIPUL~1.GOY/AppData/Local/Temp/anonymous7377864361811893865webdriver-profile/extensions/fxdriver@googlecode.com/components/command_processor.js"
                        line: 9904}]' when calling method: [nsICommandProcessor::execute]
                        Command duration or timeout: 17 milliseconds
                        Build info: version: '2.26.0', revision: '18041', time: '2012-11-01 19:33:38'
                        System info: os.name: 'Windows 8', os.arch: 'amd64', os.version: '6.2', java.version: '1.7.0_25'
                        Driver info: driver.version: FirefoxDriver
                        	at sun.reflect.NativeConstructorAccessorImpl.newInstance0(Native Method)
                        	at sun.reflect.NativeConstructorAccessorImpl.newInstance(Unknown Source)
                        	at sun.reflect.DelegatingConstructorAccessorImpl.newInstance(Unknown Source)
                        	at java.lang.reflect.Constructor.newInstance(Unknown Source)
                        	at org.openqa.selenium.remote.ErrorHandler.createThrowable(ErrorHandler.java:188)
                        	at org.openqa.selenium.remote.ErrorHandler.throwIfResponseFailed(ErrorHandler.java:145)
                        	at org.openqa.selenium.remote.RemoteWebDriver.execute(RemoteWebDriver.java:531)
                        	at org.openqa.selenium.firefox.FirefoxDriver.access$0(FirefoxDriver.java:1)
                        	at org.openqa.selenium.firefox.FirefoxDriver$1$1.implicitlyWait(FirefoxDriver.java:215)
                        	at org.ng.GenericFunctionsPack.GenericFunctions.SetImplicitWaitInSeconds(GenericFunctions.java:62)
                        	at org.ng.JobSeeker.ResmanMNJ.getResmanValidation(ResmanMNJ.java:827)
                        	at org.ng.TestCases.Resman.TC_Resman_5(Resman.java:133)
                        	at sun.reflect.NativeMethodAccessorImpl.invoke0(Native Method)
                        	at sun.reflect.NativeMethodAccessorImpl.invoke(Unknown Source)
                        	at sun.reflect.DelegatingMethodAccessorImpl.invoke(Unknown Source)
                        	at java.lang.reflect.Method.invoke(Unknown Source)
                        	at org.testng.internal.MethodInvocationHelper.invokeMethod(MethodInvocationHelper.java:80)
                        	at org.testng.internal.Invoker.invokeMethod(Invoker.java:714)
                        	at org.testng.internal.Invoker.invokeTestMethod(Invoker.java:901)
                        	at org.testng.internal.Invoker.invokeTestMethods(Invoker.java:1231)
                        	at org.testng.internal.TestMethodWorker.invokeTestMethods(TestMethodWorker.java:127)
                        	at org.testng.internal.TestMethodWorker.run(TestMethodWorker.java:111)
                        	at java.util.concurrent.ThreadPoolExecutor.runWorker(Unknown Source)
                        	at java.util.concurrent.ThreadPoolExecutor$Worker.run(Unknown Source)
                        	at java.lang.Thread.run(Unknown Source)
                        Caused by: org.openqa.selenium.remote.ErrorHandler$UnknownServerException: '[JavaScript Error: "e is null" {file: "file:///C:/Users/VIPUL~1.GOY/AppData/Local/Temp/anonymous7377864361811893865webdriver-profile/extensions/fxdriver@googlecode.com/components/command_processor.js"
                        line: 9904}]' when calling method: [nsICommandProcessor::execute]
                        Build info: version: '2.26.0', revision: '18041', time: '2012-11-01 19:33:38'
                        System info: os.name: 'Windows 8', os.arch: 'amd64', os.version: '6.2', java.version: '1.7.0_25'
                        Driver info: driver.version: unknown
                     </pre>
                  </div>
               </td>
            </tr>
            <tr id="org.ng.TestCases.Resman_TC_Resman_2_byClass_SKIP6_row"
                class="testMethodStatusSKIP">
               <td width="100%" class="firstMethodCell">
                  <a onclick="toggleDetailsVisibility('org.ng.TestCases.Resman_TC_Resman_2_byClass_SKIP6_details')">TC_Resman_2()</a>
               </td>
               <td nowrap="true">17:55:36</td>
               <td nowrap="true" align="right">18s
                  
               </td>
               <td nowrap="true" width="50px">
                  <a onclick="toggleDetailsVisibility('org.ng.TestCases.Resman_TC_Resman_2_byClass_SKIP6_exception')">java.lang.NullPointerException:: 
                     <b></b>
                  </a>
                   
                  
               </td>
               <td nowrap="true">
                  <div>
                     <code></code>
                  </div>
                  <div>
                     <code></code>
                  </div>
                  <div>
                     <code></code>
                  </div>
                  <div>
                     <code>
                        [BriefDesc]: Verify the attach Cv functionality
                        
                     </code>
                  </div>
                  <div>
                     <code></code>
                  </div>
                  <div>
                     <code></code>
                  </div>
               </td>
               <td nowrap="true">
                  <div>
                     <code>
                        [Status]:TC_Resman_2_FAIL
                        
                     </code>
                  </div>
                  <div>
                     <code>
                        [End]:05_55_55PM_24_Feb_2014_IP192.168.123.83
                        
                     </code>
                  </div>
                  <div>
                     <code>
                        [Snapshot]:<a href=..\resources\screenshots\TC_Resman_2___Feb_24_2014_05_55_55PM_.png target='_blank'>Click Here</a>
                        
                     </code>
                  </div>
                  <div>
                     <code></code>
                  </div>
                  <div>
                     <code></code>
                  </div>
                  <div>
                     <code></code>
                  </div>
               </td>
            </tr>
            <tr>
               <td colspan="4" class="detailsBox">
                  <div id="org.ng.TestCases.Resman_TC_Resman_2_byClass_SKIP6_details"
                       class="testMethodDetails">
                     <div>
                        <b>Name: </b>TC_Resman_2
                     </div>
                     <div>
                        <b>TestSteps: </b>
                        [Steps]: C:\workspace\NaukriGulf\documents\Resman\ResmanValidations.xls
                        
                     </div>
                     <div>
                        <b>Expected Result: </b>
                        [Expected]: Check with the Excel sheet for the results..
                        
                     </div>
                  </div>
               </td>
            </tr>
            <tr>
               <td colspan="4" class="detailsBox">
                  <div id="org.ng.TestCases.Resman_TC_Resman_2_byClass_SKIP6_exception"
                       class="testMethodDetails">
                     <pre style="padding: 5px; margin: 0;">java.lang.NullPointerException
                        	at org.ng.JobSeeker.ResmanMNJ.verifyAttachCV(ResmanMNJ.java:917)
                        	at org.ng.TestCases.Resman.TC_Resman_2(Resman.java:89)
                        	at sun.reflect.NativeMethodAccessorImpl.invoke0(Native Method)
                        	at sun.reflect.NativeMethodAccessorImpl.invoke(Unknown Source)
                        	at sun.reflect.DelegatingMethodAccessorImpl.invoke(Unknown Source)
                        	at java.lang.reflect.Method.invoke(Unknown Source)
                        	at org.testng.internal.MethodInvocationHelper.invokeMethod(MethodInvocationHelper.java:80)
                        	at org.testng.internal.Invoker.invokeMethod(Invoker.java:714)
                        	at org.testng.internal.Invoker.invokeTestMethod(Invoker.java:901)
                        	at org.testng.internal.Invoker.invokeTestMethods(Invoker.java:1231)
                        	at org.testng.internal.TestMethodWorker.invokeTestMethods(TestMethodWorker.java:127)
                        	at org.testng.internal.TestMethodWorker.run(TestMethodWorker.java:111)
                        	at java.util.concurrent.ThreadPoolExecutor.runWorker(Unknown Source)
                        	at java.util.concurrent.ThreadPoolExecutor$Worker.run(Unknown Source)
                        	at java.lang.Thread.run(Unknown Source)
                     </pre>
                  </div>
               </td>
            </tr>
            <tr id="org.ng.TestCases.Resman_TC_Resman_3_byClass_SKIP7_row"
                class="testMethodStatusSKIP">
               <td width="100%" class="firstMethodCell">
                  <a onclick="toggleDetailsVisibility('org.ng.TestCases.Resman_TC_Resman_3_byClass_SKIP7_details')">TC_Resman_3()</a>
               </td>
               <td nowrap="true">17:55:46</td>
               <td nowrap="true" align="right">16m
                  57s
                  
               </td>
               <td nowrap="true" width="50px">
                  <a onclick="toggleDetailsVisibility('org.ng.TestCases.Resman_TC_Resman_3_byClass_SKIP7_exception')">org.openqa.selenium.remote.UnreachableBrowserException:: 
                     <b>
                        Error communicating with the remote browser. It may have died.
                        Build info: version: '2.26.0', revision: '18041', time: '2012-11-01 19:33:38'
                        System info: os.name: 'Windows 8', os.arch: 'amd64', os.version: '6.2', java.version: '1.7.0_25'
                        Driver info: driver.version: FirefoxDriver
                        
                     </b>
                  </a>
                   
                  
               </td>
               <td nowrap="true">
                  <div>
                     <code></code>
                  </div>
                  <div>
                     <code></code>
                  </div>
                  <div>
                     <code></code>
                  </div>
                  <div>
                     <code>
                        [BriefDesc]: Verify the Registration of a new user filling all the 3 pages
                        
                     </code>
                  </div>
                  <div>
                     <code></code>
                  </div>
                  <div>
                     <code></code>
                  </div>
               </td>
               <td nowrap="true">
                  <div>
                     <code>
                        [Status]:TC_Resman_3_FAIL
                        
                     </code>
                  </div>
                  <div>
                     <code>
                        [End]:06_12_44PM_24_Feb_2014_IP192.168.123.83
                        
                     </code>
                  </div>
                  <div>
                     <code>
                        [Snapshot]:<a href=..\resources\screenshots\TC_Resman_3___Feb_24_2014_06_12_44PM_.png target='_blank'>Click Here</a>
                        
                     </code>
                  </div>
                  <div>
                     <code></code>
                  </div>
                  <div>
                     <code></code>
                  </div>
                  <div>
                     <code></code>
                  </div>
               </td>
            </tr>
            <tr>
               <td colspan="4" class="detailsBox">
                  <div id="org.ng.TestCases.Resman_TC_Resman_3_byClass_SKIP7_details"
                       class="testMethodDetails">
                     <div>
                        <b>Name: </b>TC_Resman_3
                     </div>
                     <div>
                        <b>TestSteps: </b>
                        [Steps]: Fill all the 3 pages on resman
                        
                     </div>
                     <div>
                        <b>Expected Result: </b>
                        [Expected]: There should be a confirmation message shown on MNJ page when SUBMIT for the third page is clicked.
                        
                     </div>
                  </div>
               </td>
            </tr>
            <tr>
               <td colspan="4" class="detailsBox">
                  <div id="org.ng.TestCases.Resman_TC_Resman_3_byClass_SKIP7_exception"
                       class="testMethodDetails">
                     <pre style="padding: 5px; margin: 0;">org.openqa.selenium.remote.UnreachableBrowserException: Error communicating with the remote browser. It may have died.
                        Build info: version: '2.26.0', revision: '18041', time: '2012-11-01 19:33:38'
                        System info: os.name: 'Windows 8', os.arch: 'amd64', os.version: '6.2', java.version: '1.7.0_25'
                        Driver info: driver.version: FirefoxDriver
                        	at org.openqa.selenium.remote.RemoteWebDriver.execute(RemoteWebDriver.java:526)
                        	at org.openqa.selenium.firefox.FirefoxDriver.access$0(FirefoxDriver.java:1)
                        	at org.openqa.selenium.firefox.FirefoxDriver$1$1.implicitlyWait(FirefoxDriver.java:215)
                        	at org.ng.GenericFunctionsPack.GenericFunctions.SetImplicitWaitInSeconds(GenericFunctions.java:62)
                        	at org.ng.JobSeeker.ResmanMNJ.resmanP2(ResmanMNJ.java:336)
                        	at org.ng.TestCases.Resman.TC_Resman_3(Resman.java:103)
                        	at sun.reflect.NativeMethodAccessorImpl.invoke0(Native Method)
                        	at sun.reflect.NativeMethodAccessorImpl.invoke(Unknown Source)
                        	at sun.reflect.DelegatingMethodAccessorImpl.invoke(Unknown Source)
                        	at java.lang.reflect.Method.invoke(Unknown Source)
                        	at org.testng.internal.MethodInvocationHelper.invokeMethod(MethodInvocationHelper.java:80)
                        	at org.testng.internal.Invoker.invokeMethod(Invoker.java:714)
                        	at org.testng.internal.Invoker.invokeTestMethod(Invoker.java:901)
                        	at org.testng.internal.Invoker.invokeTestMethods(Invoker.java:1231)
                        	at org.testng.internal.TestMethodWorker.invokeTestMethods(TestMethodWorker.java:127)
                        	at org.testng.internal.TestMethodWorker.run(TestMethodWorker.java:111)
                        	at java.util.concurrent.ThreadPoolExecutor.runWorker(Unknown Source)
                        	at java.util.concurrent.ThreadPoolExecutor$Worker.run(Unknown Source)
                        	at java.lang.Thread.run(Unknown Source)
                        Caused by: org.apache.http.conn.HttpHostConnectException: Connection to http://127.0.0.1:7058 refused
                        	at org.apache.http.impl.conn.DefaultClientConnectionOperator.openConnection(DefaultClientConnectionOperator.java:190)
                        	at org.apache.http.impl.conn.AbstractPoolEntry.open(AbstractPoolEntry.java:151)
                        	at org.apache.http.impl.conn.AbstractPooledConnAdapter.open(AbstractPooledConnAdapter.java:125)
                        	at org.apache.http.impl.client.DefaultRequestDirector.tryConnect(DefaultRequestDirector.java:640)
                        	at org.apache.http.impl.client.DefaultRequestDirector.execute(DefaultRequestDirector.java:479)
                        	at org.apache.http.impl.client.AbstractHttpClient.execute(AbstractHttpClient.java:906)
                        	at org.openqa.selenium.remote.HttpCommandExecutor.fallBackExecute(HttpCommandExecutor.java:329)
                        	at org.openqa.selenium.remote.HttpCommandExecutor.execute(HttpCommandExecutor.java:300)
                        	at org.openqa.selenium.firefox.internal.NewProfileExtensionConnection.execute(NewProfileExtensionConnection.java:133)
                        	at org.openqa.selenium.firefox.FirefoxDriver$LazyCommandExecutor.execute(FirefoxDriver.java:353)
                        	at org.openqa.selenium.remote.RemoteWebDriver.execute(RemoteWebDriver.java:505)
                        	... 18 more
                        Caused by: java.net.ConnectException: Connection refused: connect
                        	at java.net.DualStackPlainSocketImpl.waitForConnect(Native Method)
                        	at java.net.DualStackPlainSocketImpl.socketConnect(Unknown Source)
                        	at java.net.AbstractPlainSocketImpl.doConnect(Unknown Source)
                        	at java.net.AbstractPlainSocketImpl.connectToAddress(Unknown Source)
                        	at java.net.AbstractPlainSocketImpl.connect(Unknown Source)
                        	at java.net.PlainSocketImpl.connect(Unknown Source)
                        	at java.net.SocksSocketImpl.connect(Unknown Source)
                        	at java.net.Socket.connect(Unknown Source)
                        	at org.apache.http.conn.scheme.PlainSocketFactory.connectSocket(PlainSocketFactory.java:127)
                        	at org.apache.http.impl.conn.DefaultClientConnectionOperator.openConnection(DefaultClientConnectionOperator.java:180)
                        	... 28 more
                     </pre>
                  </div>
               </td>
            </tr>
            <tr id="org.ng.TestCases.Resman_TC_Resman_1_byClass_SKIP8_row"
                class="testMethodStatusSKIP">
               <td width="100%" class="firstMethodCell">
                  <a onclick="toggleDetailsVisibility('org.ng.TestCases.Resman_TC_Resman_1_byClass_SKIP8_details')">TC_Resman_1()</a>
               </td>
               <td nowrap="true">17:55:54</td>
               <td nowrap="true" align="right">16m
                  52s
                  
               </td>
               <td nowrap="true" width="50px">
                  <a onclick="toggleDetailsVisibility('org.ng.TestCases.Resman_TC_Resman_1_byClass_SKIP8_exception')">org.openqa.selenium.remote.UnreachableBrowserException:: 
                     <b>
                        Error communicating with the remote browser. It may have died.
                        Build info: version: '2.26.0', revision: '18041', time: '2012-11-01 19:33:38'
                        System info: os.name: 'Windows 8', os.arch: 'amd64', os.version: '6.2', java.version: '1.7.0_25'
                        Driver info: driver.version: FirefoxDriver
                        
                     </b>
                  </a>
                   
                  
               </td>
               <td nowrap="true">
                  <div>
                     <code></code>
                  </div>
                  <div>
                     <code></code>
                  </div>
                  <div>
                     <code></code>
                  </div>
                  <div>
                     <code>
                        [BriefDesc]: Verify Resman Validations for English User
                        
                     </code>
                  </div>
                  <div>
                     <code></code>
                  </div>
                  <div>
                     <code></code>
                  </div>
               </td>
               <td nowrap="true">
                  <div>
                     <code>
                        [Status]:TC_Resman_1_FAIL
                        
                     </code>
                  </div>
                  <div>
                     <code>
                        [End]:06_12_46PM_24_Feb_2014_IP192.168.123.83
                        
                     </code>
                  </div>
                  <div>
                     <code>
                        [Snapshot]:<a href=..\resources\screenshots\TC_Resman_1___Feb_24_2014_06_12_46PM_.png target='_blank'>Click Here</a>
                        
                     </code>
                  </div>
                  <div>
                     <code></code>
                  </div>
                  <div>
                     <code></code>
                  </div>
                  <div>
                     <code></code>
                  </div>
               </td>
            </tr>
            <tr>
               <td colspan="4" class="detailsBox">
                  <div id="org.ng.TestCases.Resman_TC_Resman_1_byClass_SKIP8_details"
                       class="testMethodDetails">
                     <div>
                        <b>Name: </b>TC_Resman_1
                     </div>
                     <div>
                        <b>TestSteps: </b>
                        [Steps]: C:\workspace\NaukriGulf\documents\Resman\ResmanValidations.xls
                        
                     </div>
                     <div>
                        <b>Expected Result: </b>
                        [Expected]: Check with the Excel sheet for the results..
                        
                     </div>
                  </div>
               </td>
            </tr>
            <tr>
               <td colspan="4" class="detailsBox">
                  <div id="org.ng.TestCases.Resman_TC_Resman_1_byClass_SKIP8_exception"
                       class="testMethodDetails">
                     <pre style="padding: 5px; margin: 0;">org.openqa.selenium.remote.UnreachableBrowserException: Error communicating with the remote browser. It may have died.
                        Build info: version: '2.26.0', revision: '18041', time: '2012-11-01 19:33:38'
                        System info: os.name: 'Windows 8', os.arch: 'amd64', os.version: '6.2', java.version: '1.7.0_25'
                        Driver info: driver.version: FirefoxDriver
                        	at org.openqa.selenium.remote.RemoteWebDriver.execute(RemoteWebDriver.java:526)
                        	at org.openqa.selenium.firefox.FirefoxDriver.access$0(FirefoxDriver.java:1)
                        	at org.openqa.selenium.firefox.FirefoxDriver$1$1.implicitlyWait(FirefoxDriver.java:215)
                        	at org.ng.GenericFunctionsPack.GenericFunctions.SetImplicitWaitInSeconds(GenericFunctions.java:62)
                        	at org.ng.JobSeeker.ResmanMNJ.getResmanValidation(ResmanMNJ.java:827)
                        	at org.ng.TestCases.Resman.TC_Resman_1(Resman.java:76)
                        	at sun.reflect.NativeMethodAccessorImpl.invoke0(Native Method)
                        	at sun.reflect.NativeMethodAccessorImpl.invoke(Unknown Source)
                        	at sun.reflect.DelegatingMethodAccessorImpl.invoke(Unknown Source)
                        	at java.lang.reflect.Method.invoke(Unknown Source)
                        	at org.testng.internal.MethodInvocationHelper.invokeMethod(MethodInvocationHelper.java:80)
                        	at org.testng.internal.Invoker.invokeMethod(Invoker.java:714)
                        	at org.testng.internal.Invoker.invokeTestMethod(Invoker.java:901)
                        	at org.testng.internal.Invoker.invokeTestMethods(Invoker.java:1231)
                        	at org.testng.internal.TestMethodWorker.invokeTestMethods(TestMethodWorker.java:127)
                        	at org.testng.internal.TestMethodWorker.run(TestMethodWorker.java:111)
                        	at java.util.concurrent.ThreadPoolExecutor.runWorker(Unknown Source)
                        	at java.util.concurrent.ThreadPoolExecutor$Worker.run(Unknown Source)
                        	at java.lang.Thread.run(Unknown Source)
                        Caused by: org.apache.http.conn.HttpHostConnectException: Connection to http://127.0.0.1:7058 refused
                        	at org.apache.http.impl.conn.DefaultClientConnectionOperator.openConnection(DefaultClientConnectionOperator.java:190)
                        	at org.apache.http.impl.conn.AbstractPoolEntry.open(AbstractPoolEntry.java:151)
                        	at org.apache.http.impl.conn.AbstractPooledConnAdapter.open(AbstractPooledConnAdapter.java:125)
                        	at org.apache.http.impl.client.DefaultRequestDirector.tryConnect(DefaultRequestDirector.java:640)
                        	at org.apache.http.impl.client.DefaultRequestDirector.execute(DefaultRequestDirector.java:479)
                        	at org.apache.http.impl.client.AbstractHttpClient.execute(AbstractHttpClient.java:906)
                        	at org.openqa.selenium.remote.HttpCommandExecutor.fallBackExecute(HttpCommandExecutor.java:329)
                        	at org.openqa.selenium.remote.HttpCommandExecutor.execute(HttpCommandExecutor.java:300)
                        	at org.openqa.selenium.firefox.internal.NewProfileExtensionConnection.execute(NewProfileExtensionConnection.java:133)
                        	at org.openqa.selenium.firefox.FirefoxDriver$LazyCommandExecutor.execute(FirefoxDriver.java:353)
                        	at org.openqa.selenium.remote.RemoteWebDriver.execute(RemoteWebDriver.java:505)
                        	... 18 more
                        Caused by: java.net.ConnectException: Connection refused: connect
                        	at java.net.DualStackPlainSocketImpl.waitForConnect(Native Method)
                        	at java.net.DualStackPlainSocketImpl.socketConnect(Unknown Source)
                        	at java.net.AbstractPlainSocketImpl.doConnect(Unknown Source)
                        	at java.net.AbstractPlainSocketImpl.connectToAddress(Unknown Source)
                        	at java.net.AbstractPlainSocketImpl.connect(Unknown Source)
                        	at java.net.PlainSocketImpl.connect(Unknown Source)
                        	at java.net.SocksSocketImpl.connect(Unknown Source)
                        	at java.net.Socket.connect(Unknown Source)
                        	at org.apache.http.conn.scheme.PlainSocketFactory.connectSocket(PlainSocketFactory.java:127)
                        	at org.apache.http.impl.conn.DefaultClientConnectionOperator.openConnection(DefaultClientConnectionOperator.java:180)
                        	... 28 more
                     </pre>
                  </div>
               </td>
            </tr>
            <tr id="org.ng.TestCases.Resman_stopBrowser_byClass_PASS9_row"
                class="testMethodStatusPASS testMethodStatusCONF">
               <td width="100%" class="firstMethodCell">
                  <a onclick="toggleDetailsVisibility('org.ng.TestCases.Resman_stopBrowser_byClass_PASS9_details')">stopBrowser()</a>
               </td>
               <td nowrap="true">17:55:55</td>
               <td nowrap="true" align="right">576 ms
                  
               </td>
               <td nowrap="true" width="50px">
                   
                  
               </td>
               <td nowrap="true"></td>
               <td nowrap="true"></td>
            </tr>
            <tr>
               <td colspan="4" class="detailsBox">
                  <div id="org.ng.TestCases.Resman_stopBrowser_byClass_PASS9_details"
                       class="testMethodDetails">
                     <div>
                        <b>Name: </b>stopBrowser
                     </div>
                     <div>
                        <b>TestSteps: </b>
                     </div>
                     <div>
                        <b>Expected Result: </b>
                     </div>
                  </div>
               </td>
            </tr>
            <tr></tr>
            <tr id="org.ng.TestCases.Resman_stopBrowser_byClass_PASS10_row"
                class="testMethodStatusPASS testMethodStatusCONF">
               <td width="100%" class="firstMethodCell">
                  <a onclick="toggleDetailsVisibility('org.ng.TestCases.Resman_stopBrowser_byClass_PASS10_details')">stopBrowser()</a>
               </td>
               <td nowrap="true">18:12:43</td>
               <td nowrap="true" align="right">1 ms
                  
               </td>
               <td nowrap="true" width="50px">
                   
                  
               </td>
               <td nowrap="true"></td>
               <td nowrap="true"></td>
            </tr>
            <tr>
               <td colspan="4" class="detailsBox">
                  <div id="org.ng.TestCases.Resman_stopBrowser_byClass_PASS10_details"
                       class="testMethodDetails">
                     <div>
                        <b>Name: </b>stopBrowser
                     </div>
                     <div>
                        <b>TestSteps: </b>
                     </div>
                     <div>
                        <b>Expected Result: </b>
                     </div>
                  </div>
               </td>
            </tr>
            <tr></tr>
            <tr id="org.ng.TestCases.Resman_stopBrowser_byClass_PASS11_row"
                class="testMethodStatusPASS testMethodStatusCONF">
               <td width="100%" class="firstMethodCell">
                  <a onclick="toggleDetailsVisibility('org.ng.TestCases.Resman_stopBrowser_byClass_PASS11_details')">stopBrowser()</a>
               </td>
               <td nowrap="true">18:12:44</td>
               <td nowrap="true" align="right">0 ms
                  
               </td>
               <td nowrap="true" width="50px">
                   
                  
               </td>
               <td nowrap="true"></td>
               <td nowrap="true"></td>
            </tr>
            <tr>
               <td colspan="4" class="detailsBox">
                  <div id="org.ng.TestCases.Resman_stopBrowser_byClass_PASS11_details"
                       class="testMethodDetails">
                     <div>
                        <b>Name: </b>stopBrowser
                     </div>
                     <div>
                        <b>TestSteps: </b>
                     </div>
                     <div>
                        <b>Expected Result: </b>
                     </div>
                  </div>
               </td>
            </tr>
            <tr></tr>
            <tr id="org.ng.TestCases.Resman_stopBrowser_byClass_PASS12_row"
                class="testMethodStatusPASS testMethodStatusCONF">
               <td width="100%" class="firstMethodCell">
                  <a onclick="toggleDetailsVisibility('org.ng.TestCases.Resman_stopBrowser_byClass_PASS12_details')">stopBrowser()</a>
               </td>
               <td nowrap="true">18:12:46</td>
               <td nowrap="true" align="right">0 ms
                  
               </td>
               <td nowrap="true" width="50px">
                   
                  
               </td>
               <td nowrap="true"></td>
               <td nowrap="true"></td>
            </tr>
            <tr>
               <td colspan="4" class="detailsBox">
                  <div id="org.ng.TestCases.Resman_stopBrowser_byClass_PASS12_details"
                       class="testMethodDetails">
                     <div>
                        <b>Name: </b>stopBrowser
                     </div>
                     <div>
                        <b>TestSteps: </b>
                     </div>
                     <div>
                        <b>Expected Result: </b>
                     </div>
                  </div>
               </td>
            </tr>
            <tr></tr>
         </table>
         <br></br>
      </div>
      <div style="margin-top: 15px; color: gray; text-align: center; font-size: 9px;">
         TestNG Reports:
         
         Selenium Framework
         
         
      </div>
   </body>
</html>