<html xmlns:math="http://exslt.org/math" xmlns:testng="http://testng.org">
   <head>
      <title>TestNG Reports</title>
      <meta http-equiv="content-type" content="text/html; charset=utf-8"></meta>
      <meta http-equiv="pragma" content="no-cache"></meta>
      <meta http-equiv="cache-control" content="max-age=0"></meta>
      <meta http-equiv="cache-control" content="no-cache"></meta>
      <meta http-equiv="cache-control" content="no-store"></meta>
      <LINK rel="stylesheet" href="style.css"></LINK>
      <script type="text/javascript" src="main.js"></script>
   </head>
   <body>
      <table width="100%" style="font-size: 16px; margin-bottom: 10px;" cellspacing="1">
         <tr>
            <td width="100%">
               All methods in suite
               
               <b>NaukriGulf</b>
            </td>
            <td style="background-color: #FFBBBB; padding: 3px 3px 3px 0;" align="center">
               <div style="width: 50px;">0</div>
            </td>
            <td style="background-color: lightgreen; padding: 3px 3px 3px 0;" align="center">
               <div style="width: 50px;">0</div>
            </td>
            <td style="background-color: #FFFFBB; padding: 3px 3px 3px 0;" align="center">
               <div style="width: 50px;">1</div>
            </td>
            <td align="center" style="background-color: #eaf0f7; padding: 3px 3px 3px 0;">
               <div style="width: 50px;">1</div>
            </td>
            <td align="center"
                style="font-weight: bold; background-color: #eaf0f7; padding: 3px 3px 3px 0;">
               <div style="width: 50px;">0%</div>
            </td>
            <td style="background-color: #eaf0f7; padding: 3px 3px 3px 0;" align="center"
                nowrap="true">1m
               26s
               
            </td>
         </tr>
      </table>
      <div style="width: 200px;">
         <label for="groupMethodsCheckBox" style="font-weight: bold; margin: 0;">
            <input id="groupMethodsCheckBox" type="checkbox" onclick="switchTestMethodsView(this)"
                   checked=""></input>
            Group by class
            
         </label>
         <br></br>
         <label for="methodsFilter_ALL" style="font-weight: bold; margin: 0;">
            <input id="methodsFilter_ALL" type="checkbox"
                   onclick="testMethodsFilterChanged(this, 'ALL')"></input>
            All
            
         </label>
      </div>
      <label for="methodsFilter_FAIL" style="margin-left: 20px;">
         <input id="methodsFilter_FAIL" type="checkbox"
                onclick="testMethodsFilterChanged(this, 'FAIL')"
                checked=""></input>
         Failed
         
      </label>
      <label for="methodsFilter_PASS">
         <input id="methodsFilter_PASS" type="checkbox"
                onclick="testMethodsFilterChanged(this, 'PASS')"
                checked=""></input>
         Passed
         
      </label>
      <label for="methodsFilter_SKIP">
         <input id="methodsFilter_SKIP" type="checkbox"
                onclick="testMethodsFilterChanged(this, 'SKIP')"
                checked=""></input>
         Skipped
         
      </label>
      <label for="methodsFilter_CONF">
         <input id="methodsFilter_CONF" type="checkbox"
                onclick="testMethodsFilterChanged(this, 'CONF')"></input>
         Config
         
      </label>
      <br></br>
      <div id="testMethodsByStatus" style="display: none;">
         <table class="testMethodsTable" cellpadding="0" cellspacing="0">
            <tr class="methodsTableHeader">
               <td width="100%">Name</td>
               <td nowrap="true">Started</td>
               <td nowrap="true">Duration</td>
               <td>Exception</td>
               <td nowrap="true">TestCase_Description</td>
               <td nowrap="true">Status(Screenshot,if FAIL)</td>
            </tr>
            <tr id="org.ng.Projects.SearchSuggestions_SEO_cases_startDriver_byStatus_passed_PASS1_row"
                class="testMethodStatusPASS testMethodStatusCONF">
               <td width="100%" class="firstMethodCell">
                  <a onclick="toggleDetailsVisibility('org.ng.Projects.SearchSuggestions_SEO_cases_startDriver_byStatus_passed_PASS1_details')">startDriver(FF17)</a>
               </td>
               <td nowrap="true">14:51:57</td>
               <td nowrap="true" align="right">27s
                  
               </td>
               <td nowrap="true" width="50px">
                   
                  
               </td>
               <td nowrap="true"></td>
               <td nowrap="true"></td>
            </tr>
            <tr>
               <td colspan="4" class="detailsBox">
                  <div id="org.ng.Projects.SearchSuggestions_SEO_cases_startDriver_byStatus_passed_PASS1_details"
                       class="testMethodDetails">
                     <div>
                        <b>Name: </b>startDriver
                     </div>
                     <div>
                        <b>TestSteps: </b>
                     </div>
                     <div>
                        <b>Expected Result: </b>
                     </div>
                     <div>
                        <b>Parameters: </b>
                        
                        FF17
                        
                        
                     </div>
                  </div>
               </td>
            </tr>
            <tr></tr>
            <tr id="org.ng.Projects.SearchSuggestions_SEO_cases_TC_SearchSuggestions_63_byStatus_skiped_SKIP1_row"
                class="testMethodStatusSKIP">
               <td width="100%" class="firstMethodCell">
                  <a onclick="toggleDetailsVisibility('org.ng.Projects.SearchSuggestions_SEO_cases_TC_SearchSuggestions_63_byStatus_skiped_SKIP1_details')">TC_SearchSuggestions_63()</a>
               </td>
               <td nowrap="true">14:52:25</td>
               <td nowrap="true" align="right">56s
                  
               </td>
               <td nowrap="true" width="50px">
                  <a onclick="toggleDetailsVisibility('org.ng.Projects.SearchSuggestions_SEO_cases_TC_SearchSuggestions_63_byStatus_skiped_SKIP1_exception')">org.openqa.selenium.remote.UnreachableBrowserException:: 
                     <b>
                        Error communicating with the remote browser. It may have died.
                        Build info: version: '2.26.0', revision: '18041', time: '2012-11-01 19:33:38'
                        System info: os.name: 'Windows 8', os.arch: 'amd64', os.version: '6.2', java.version: '1.7.0_25'
                        Driver info: driver.version: RemoteWebDriver
                        
                     </b>
                  </a>
                   
                  
               </td>
               <td nowrap="true">
                  <div>
                     <code></code>
                  </div>
                  <div>
                     <code></code>
                  </div>
                  <div>
                     <code></code>
                  </div>
                  <div>
                     <code>
                        [BriefDesc]: Description is not provided
                        
                     </code>
                  </div>
                  <div>
                     <code></code>
                  </div>
                  <div>
                     <code></code>
                  </div>
               </td>
               <td nowrap="true">
                  <div>
                     <code>
                        [Status]:TC_SearchSuggestions_63_FAIL
                        
                     </code>
                  </div>
                  <div>
                     <code>
                        [End]:02_53_21PM_24_Apr_2014_IP192.168.123.24
                        
                     </code>
                  </div>
                  <div>
                     <code>
                        [Snapshot]:<a href=..\resources\screenshots\TC_SearchSuggestions_63___Apr_24_2014_02_53_22PM_.png target='_blank'>Click Here</a>
                        
                     </code>
                  </div>
                  <div>
                     <code></code>
                  </div>
                  <div>
                     <code></code>
                  </div>
                  <div>
                     <code></code>
                  </div>
               </td>
            </tr>
            <tr>
               <td colspan="4" class="detailsBox">
                  <div id="org.ng.Projects.SearchSuggestions_SEO_cases_TC_SearchSuggestions_63_byStatus_skiped_SKIP1_details"
                       class="testMethodDetails">
                     <div>
                        <b>Name: </b>TC_SearchSuggestions_63
                     </div>
                     <div>
                        <b>TestSteps: </b>
                        [Steps]: Test Steps are not provided
                        
                     </div>
                     <div>
                        <b>Expected Result: </b>
                        [Expected]: Expected Result is not provided
                        
                     </div>
                  </div>
               </td>
            </tr>
            <tr>
               <td colspan="4" class="detailsBox">
                  <div id="org.ng.Projects.SearchSuggestions_SEO_cases_TC_SearchSuggestions_63_byStatus_skiped_SKIP1_exception"
                       class="testMethodDetails">
                     <pre style="padding: 5px; margin: 0;">org.openqa.selenium.remote.UnreachableBrowserException: Error communicating with the remote browser. It may have died.
                        Build info: version: '2.26.0', revision: '18041', time: '2012-11-01 19:33:38'
                        System info: os.name: 'Windows 8', os.arch: 'amd64', os.version: '6.2', java.version: '1.7.0_25'
                        Driver info: driver.version: RemoteWebDriver
                        	at org.openqa.selenium.remote.RemoteWebDriver.execute(RemoteWebDriver.java:526)
                        	at org.openqa.selenium.remote.RemoteWebDriver.findElement(RemoteWebDriver.java:301)
                        	at org.openqa.selenium.remote.RemoteWebDriver.findElementByXPath(RemoteWebDriver.java:386)
                        	at org.openqa.selenium.By$ByXPath.findElement(By.java:343)
                        	at org.openqa.selenium.remote.RemoteWebDriver.findElement(RemoteWebDriver.java:293)
                        	at org.ng.Projects.SearchSuggestions_SEO.getSearchSuggestionLinkName(SearchSuggestions_SEO.java:72)
                        	at org.ng.Projects.SearchSuggestions_SEO_cases.TC_SearchSuggestions_63(SearchSuggestions_SEO_cases.java:1371)
                        	at sun.reflect.NativeMethodAccessorImpl.invoke0(Native Method)
                        	at sun.reflect.NativeMethodAccessorImpl.invoke(Unknown Source)
                        	at sun.reflect.DelegatingMethodAccessorImpl.invoke(Unknown Source)
                        	at java.lang.reflect.Method.invoke(Unknown Source)
                        	at org.testng.internal.MethodInvocationHelper.invokeMethod(MethodInvocationHelper.java:80)
                        	at org.testng.internal.Invoker.invokeMethod(Invoker.java:714)
                        	at org.testng.internal.Invoker.invokeTestMethod(Invoker.java:901)
                        	at org.testng.internal.Invoker.invokeTestMethods(Invoker.java:1231)
                        	at org.testng.internal.TestMethodWorker.invokeTestMethods(TestMethodWorker.java:127)
                        	at org.testng.internal.TestMethodWorker.run(TestMethodWorker.java:111)
                        	at org.testng.TestRunner.privateRun(TestRunner.java:767)
                        	at org.testng.TestRunner.run(TestRunner.java:617)
                        	at org.testng.SuiteRunner.runTest(SuiteRunner.java:334)
                        	at org.testng.SuiteRunner.runSequentially(SuiteRunner.java:329)
                        	at org.testng.SuiteRunner.privateRun(SuiteRunner.java:291)
                        	at org.testng.SuiteRunner.run(SuiteRunner.java:240)
                        	at org.testng.SuiteRunnerWorker.runSuite(SuiteRunnerWorker.java:52)
                        	at org.testng.SuiteRunnerWorker.run(SuiteRunnerWorker.java:86)
                        	at org.testng.TestNG.runSuitesSequentially(TestNG.java:1198)
                        	at org.testng.TestNG.runSuitesLocally(TestNG.java:1123)
                        	at org.testng.TestNG.run(TestNG.java:1031)
                        	at org.testng.TestNG.privateMain(TestNG.java:1338)
                        	at org.testng.TestNG.main(TestNG.java:1307)
                        Caused by: org.apache.http.conn.HttpHostConnectException: Connection to http://127.0.0.1:7055 refused
                        	at org.apache.http.impl.conn.DefaultClientConnectionOperator.openConnection(DefaultClientConnectionOperator.java:190)
                        	at org.apache.http.impl.conn.AbstractPoolEntry.open(AbstractPoolEntry.java:151)
                        	at org.apache.http.impl.conn.AbstractPooledConnAdapter.open(AbstractPooledConnAdapter.java:125)
                        	at org.apache.http.impl.client.DefaultRequestDirector.tryConnect(DefaultRequestDirector.java:640)
                        	at org.apache.http.impl.client.DefaultRequestDirector.execute(DefaultRequestDirector.java:479)
                        	at org.apache.http.impl.client.AbstractHttpClient.execute(AbstractHttpClient.java:906)
                        	at org.openqa.selenium.remote.HttpCommandExecutor.fallBackExecute(HttpCommandExecutor.java:347)
                        	at org.openqa.selenium.remote.HttpCommandExecutor.execute(HttpCommandExecutor.java:300)
                        	at org.openqa.selenium.firefox.internal.NewProfileExtensionConnection.execute(NewProfileExtensionConnection.java:133)
                        	at org.openqa.selenium.firefox.FirefoxDriver$LazyCommandExecutor.execute(FirefoxDriver.java:353)
                        	at org.openqa.selenium.remote.RemoteWebDriver.execute(RemoteWebDriver.java:505)
                        	... 29 more
                        Caused by: java.net.ConnectException: Connection refused: connect
                        	at java.net.DualStackPlainSocketImpl.waitForConnect(Native Method)
                        	at java.net.DualStackPlainSocketImpl.socketConnect(Unknown Source)
                        	at java.net.AbstractPlainSocketImpl.doConnect(Unknown Source)
                        	at java.net.AbstractPlainSocketImpl.connectToAddress(Unknown Source)
                        	at java.net.AbstractPlainSocketImpl.connect(Unknown Source)
                        	at java.net.PlainSocketImpl.connect(Unknown Source)
                        	at java.net.SocksSocketImpl.connect(Unknown Source)
                        	at java.net.Socket.connect(Unknown Source)
                        	at org.apache.http.conn.scheme.PlainSocketFactory.connectSocket(PlainSocketFactory.java:127)
                        	at org.apache.http.impl.conn.DefaultClientConnectionOperator.openConnection(DefaultClientConnectionOperator.java:180)
                        	... 39 more
                     </pre>
                  </div>
               </td>
            </tr>
            <tr id="org.ng.Projects.SearchSuggestions_SEO_cases_stopDriver_byStatus_skiped_SKIP2_row"
                class="testMethodStatusSKIP testMethodStatusCONF">
               <td width="100%" class="firstMethodCell">
                  <a onclick="toggleDetailsVisibility('org.ng.Projects.SearchSuggestions_SEO_cases_stopDriver_byStatus_skiped_SKIP2_details')">stopDriver()</a>
               </td>
               <td nowrap="true">14:53:22</td>
               <td nowrap="true" align="right">0 ms
                  
               </td>
               <td nowrap="true" width="50px">
                  <a onclick="toggleDetailsVisibility('org.ng.Projects.SearchSuggestions_SEO_cases_stopDriver_byStatus_skiped_SKIP2_exception')">org.openqa.selenium.remote.UnreachableBrowserException:: 
                     <b>
                        Error communicating with the remote browser. It may have died.
                        Build info: version: '2.26.0', revision: '18041', time: '2012-11-01 19:33:38'
                        System info: os.name: 'Windows 8', os.arch: 'amd64', os.version: '6.2', java.version: '1.7.0_25'
                        Driver info: driver.version: RemoteWebDriver
                        
                     </b>
                  </a>
                   
                  
               </td>
               <td nowrap="true"></td>
               <td nowrap="true"></td>
            </tr>
            <tr>
               <td colspan="4" class="detailsBox">
                  <div id="org.ng.Projects.SearchSuggestions_SEO_cases_stopDriver_byStatus_skiped_SKIP2_details"
                       class="testMethodDetails">
                     <div>
                        <b>Name: </b>stopDriver
                     </div>
                     <div>
                        <b>TestSteps: </b>
                     </div>
                     <div>
                        <b>Expected Result: </b>
                     </div>
                  </div>
               </td>
            </tr>
            <tr>
               <td colspan="4" class="detailsBox">
                  <div id="org.ng.Projects.SearchSuggestions_SEO_cases_stopDriver_byStatus_skiped_SKIP2_exception"
                       class="testMethodDetails">
                     <pre style="padding: 5px; margin: 0;">org.openqa.selenium.remote.UnreachableBrowserException: Error communicating with the remote browser. It may have died.
                        Build info: version: '2.26.0', revision: '18041', time: '2012-11-01 19:33:38'
                        System info: os.name: 'Windows 8', os.arch: 'amd64', os.version: '6.2', java.version: '1.7.0_25'
                        Driver info: driver.version: RemoteWebDriver
                        	at org.openqa.selenium.remote.RemoteWebDriver.execute(RemoteWebDriver.java:526)
                        	at org.openqa.selenium.remote.RemoteWebDriver.execute(RemoteWebDriver.java:535)
                        	at org.openqa.selenium.remote.RemoteWebDriver.quit(RemoteWebDriver.java:405)
                        	at org.ng.Projects.SearchSuggestions_SEO_cases.stopDriver(SearchSuggestions_SEO_cases.java:73)
                        	at sun.reflect.NativeMethodAccessorImpl.invoke0(Native Method)
                        	at sun.reflect.NativeMethodAccessorImpl.invoke(Unknown Source)
                        	at sun.reflect.DelegatingMethodAccessorImpl.invoke(Unknown Source)
                        	at java.lang.reflect.Method.invoke(Unknown Source)
                        	at org.testng.internal.MethodInvocationHelper.invokeMethod(MethodInvocationHelper.java:80)
                        	at org.testng.internal.Invoker.invokeConfigurationMethod(Invoker.java:564)
                        	at org.testng.internal.Invoker.invokeConfigurations(Invoker.java:213)
                        	at org.testng.internal.Invoker.invokeMethod(Invoker.java:786)
                        	at org.testng.internal.Invoker.invokeTestMethod(Invoker.java:901)
                        	at org.testng.internal.Invoker.invokeTestMethods(Invoker.java:1231)
                        	at org.testng.internal.TestMethodWorker.invokeTestMethods(TestMethodWorker.java:127)
                        	at org.testng.internal.TestMethodWorker.run(TestMethodWorker.java:111)
                        	at org.testng.TestRunner.privateRun(TestRunner.java:767)
                        	at org.testng.TestRunner.run(TestRunner.java:617)
                        	at org.testng.SuiteRunner.runTest(SuiteRunner.java:334)
                        	at org.testng.SuiteRunner.runSequentially(SuiteRunner.java:329)
                        	at org.testng.SuiteRunner.privateRun(SuiteRunner.java:291)
                        	at org.testng.SuiteRunner.run(SuiteRunner.java:240)
                        	at org.testng.SuiteRunnerWorker.runSuite(SuiteRunnerWorker.java:52)
                        	at org.testng.SuiteRunnerWorker.run(SuiteRunnerWorker.java:86)
                        	at org.testng.TestNG.runSuitesSequentially(TestNG.java:1198)
                        	at org.testng.TestNG.runSuitesLocally(TestNG.java:1123)
                        	at org.testng.TestNG.run(TestNG.java:1031)
                        	at org.testng.TestNG.privateMain(TestNG.java:1338)
                        	at org.testng.TestNG.main(TestNG.java:1307)
                        Caused by: org.apache.http.conn.HttpHostConnectException: Connection to http://127.0.0.1:7055 refused
                        	at org.apache.http.impl.conn.DefaultClientConnectionOperator.openConnection(DefaultClientConnectionOperator.java:190)
                        	at org.apache.http.impl.conn.AbstractPoolEntry.open(AbstractPoolEntry.java:151)
                        	at org.apache.http.impl.conn.AbstractPooledConnAdapter.open(AbstractPooledConnAdapter.java:125)
                        	at org.apache.http.impl.client.DefaultRequestDirector.tryConnect(DefaultRequestDirector.java:640)
                        	at org.apache.http.impl.client.DefaultRequestDirector.execute(DefaultRequestDirector.java:479)
                        	at org.apache.http.impl.client.AbstractHttpClient.execute(AbstractHttpClient.java:906)
                        	at org.openqa.selenium.remote.HttpCommandExecutor.fallBackExecute(HttpCommandExecutor.java:329)
                        	at org.openqa.selenium.remote.HttpCommandExecutor.execute(HttpCommandExecutor.java:300)
                        	at org.openqa.selenium.firefox.internal.NewProfileExtensionConnection.execute(NewProfileExtensionConnection.java:133)
                        	at org.openqa.selenium.firefox.FirefoxDriver$LazyCommandExecutor.execute(FirefoxDriver.java:353)
                        	at org.openqa.selenium.remote.RemoteWebDriver.execute(RemoteWebDriver.java:505)
                        	... 28 more
                        Caused by: java.net.ConnectException: Connection refused: connect
                        	at java.net.DualStackPlainSocketImpl.waitForConnect(Native Method)
                        	at java.net.DualStackPlainSocketImpl.socketConnect(Unknown Source)
                        	at java.net.AbstractPlainSocketImpl.doConnect(Unknown Source)
                        	at java.net.AbstractPlainSocketImpl.connectToAddress(Unknown Source)
                        	at java.net.AbstractPlainSocketImpl.connect(Unknown Source)
                        	at java.net.PlainSocketImpl.connect(Unknown Source)
                        	at java.net.SocksSocketImpl.connect(Unknown Source)
                        	at java.net.Socket.connect(Unknown Source)
                        	at org.apache.http.conn.scheme.PlainSocketFactory.connectSocket(PlainSocketFactory.java:127)
                        	at org.apache.http.impl.conn.DefaultClientConnectionOperator.openConnection(DefaultClientConnectionOperator.java:180)
                        	... 38 more
                     </pre>
                  </div>
               </td>
            </tr>
         </table>
      </div>
      <div id="testMethodsByClass">
         <table class="testMethodsTable" cellpadding="0" cellspacing="0">
            <tr>
               <td colspan="4">
                  <h3 style="display: inline;">org.ng.Projects.SearchSuggestions_SEO_cases</h3>
               </td>
            </tr>
            <tr class="methodsTableHeader">
               <td width="100%">Name</td>
               <td nowrap="true">Started</td>
               <td nowrap="true">Duration</td>
               <td>Exception</td>
               <td nowrap="true">TestCase_Description</td>
               <td nowrap="true">Status(Screenshot,if FAIL)</td>
            </tr>
            <tr id="org.ng.Projects.SearchSuggestions_SEO_cases_startDriver_byClass_PASS1_row"
                class="testMethodStatusPASS testMethodStatusCONF">
               <td width="100%" class="firstMethodCell">
                  <a onclick="toggleDetailsVisibility('org.ng.Projects.SearchSuggestions_SEO_cases_startDriver_byClass_PASS1_details')">startDriver(FF17)</a>
               </td>
               <td nowrap="true">14:51:57</td>
               <td nowrap="true" align="right">27s
                  
               </td>
               <td nowrap="true" width="50px">
                   
                  
               </td>
               <td nowrap="true"></td>
               <td nowrap="true"></td>
            </tr>
            <tr>
               <td colspan="4" class="detailsBox">
                  <div id="org.ng.Projects.SearchSuggestions_SEO_cases_startDriver_byClass_PASS1_details"
                       class="testMethodDetails">
                     <div>
                        <b>Name: </b>startDriver
                     </div>
                     <div>
                        <b>TestSteps: </b>
                     </div>
                     <div>
                        <b>Expected Result: </b>
                     </div>
                     <div>
                        <b>Parameters: </b>
                        
                        FF17
                        
                        
                     </div>
                  </div>
               </td>
            </tr>
            <tr></tr>
            <tr id="org.ng.Projects.SearchSuggestions_SEO_cases_TC_SearchSuggestions_63_byClass_SKIP2_row"
                class="testMethodStatusSKIP">
               <td width="100%" class="firstMethodCell">
                  <a onclick="toggleDetailsVisibility('org.ng.Projects.SearchSuggestions_SEO_cases_TC_SearchSuggestions_63_byClass_SKIP2_details')">TC_SearchSuggestions_63()</a>
               </td>
               <td nowrap="true">14:52:25</td>
               <td nowrap="true" align="right">56s
                  
               </td>
               <td nowrap="true" width="50px">
                  <a onclick="toggleDetailsVisibility('org.ng.Projects.SearchSuggestions_SEO_cases_TC_SearchSuggestions_63_byClass_SKIP2_exception')">org.openqa.selenium.remote.UnreachableBrowserException:: 
                     <b>
                        Error communicating with the remote browser. It may have died.
                        Build info: version: '2.26.0', revision: '18041', time: '2012-11-01 19:33:38'
                        System info: os.name: 'Windows 8', os.arch: 'amd64', os.version: '6.2', java.version: '1.7.0_25'
                        Driver info: driver.version: RemoteWebDriver
                        
                     </b>
                  </a>
                   
                  
               </td>
               <td nowrap="true">
                  <div>
                     <code></code>
                  </div>
                  <div>
                     <code></code>
                  </div>
                  <div>
                     <code></code>
                  </div>
                  <div>
                     <code>
                        [BriefDesc]: Description is not provided
                        
                     </code>
                  </div>
                  <div>
                     <code></code>
                  </div>
                  <div>
                     <code></code>
                  </div>
               </td>
               <td nowrap="true">
                  <div>
                     <code>
                        [Status]:TC_SearchSuggestions_63_FAIL
                        
                     </code>
                  </div>
                  <div>
                     <code>
                        [End]:02_53_21PM_24_Apr_2014_IP192.168.123.24
                        
                     </code>
                  </div>
                  <div>
                     <code>
                        [Snapshot]:<a href=..\resources\screenshots\TC_SearchSuggestions_63___Apr_24_2014_02_53_22PM_.png target='_blank'>Click Here</a>
                        
                     </code>
                  </div>
                  <div>
                     <code></code>
                  </div>
                  <div>
                     <code></code>
                  </div>
                  <div>
                     <code></code>
                  </div>
               </td>
            </tr>
            <tr>
               <td colspan="4" class="detailsBox">
                  <div id="org.ng.Projects.SearchSuggestions_SEO_cases_TC_SearchSuggestions_63_byClass_SKIP2_details"
                       class="testMethodDetails">
                     <div>
                        <b>Name: </b>TC_SearchSuggestions_63
                     </div>
                     <div>
                        <b>TestSteps: </b>
                        [Steps]: Test Steps are not provided
                        
                     </div>
                     <div>
                        <b>Expected Result: </b>
                        [Expected]: Expected Result is not provided
                        
                     </div>
                  </div>
               </td>
            </tr>
            <tr>
               <td colspan="4" class="detailsBox">
                  <div id="org.ng.Projects.SearchSuggestions_SEO_cases_TC_SearchSuggestions_63_byClass_SKIP2_exception"
                       class="testMethodDetails">
                     <pre style="padding: 5px; margin: 0;">org.openqa.selenium.remote.UnreachableBrowserException: Error communicating with the remote browser. It may have died.
                        Build info: version: '2.26.0', revision: '18041', time: '2012-11-01 19:33:38'
                        System info: os.name: 'Windows 8', os.arch: 'amd64', os.version: '6.2', java.version: '1.7.0_25'
                        Driver info: driver.version: RemoteWebDriver
                        	at org.openqa.selenium.remote.RemoteWebDriver.execute(RemoteWebDriver.java:526)
                        	at org.openqa.selenium.remote.RemoteWebDriver.findElement(RemoteWebDriver.java:301)
                        	at org.openqa.selenium.remote.RemoteWebDriver.findElementByXPath(RemoteWebDriver.java:386)
                        	at org.openqa.selenium.By$ByXPath.findElement(By.java:343)
                        	at org.openqa.selenium.remote.RemoteWebDriver.findElement(RemoteWebDriver.java:293)
                        	at org.ng.Projects.SearchSuggestions_SEO.getSearchSuggestionLinkName(SearchSuggestions_SEO.java:72)
                        	at org.ng.Projects.SearchSuggestions_SEO_cases.TC_SearchSuggestions_63(SearchSuggestions_SEO_cases.java:1371)
                        	at sun.reflect.NativeMethodAccessorImpl.invoke0(Native Method)
                        	at sun.reflect.NativeMethodAccessorImpl.invoke(Unknown Source)
                        	at sun.reflect.DelegatingMethodAccessorImpl.invoke(Unknown Source)
                        	at java.lang.reflect.Method.invoke(Unknown Source)
                        	at org.testng.internal.MethodInvocationHelper.invokeMethod(MethodInvocationHelper.java:80)
                        	at org.testng.internal.Invoker.invokeMethod(Invoker.java:714)
                        	at org.testng.internal.Invoker.invokeTestMethod(Invoker.java:901)
                        	at org.testng.internal.Invoker.invokeTestMethods(Invoker.java:1231)
                        	at org.testng.internal.TestMethodWorker.invokeTestMethods(TestMethodWorker.java:127)
                        	at org.testng.internal.TestMethodWorker.run(TestMethodWorker.java:111)
                        	at org.testng.TestRunner.privateRun(TestRunner.java:767)
                        	at org.testng.TestRunner.run(TestRunner.java:617)
                        	at org.testng.SuiteRunner.runTest(SuiteRunner.java:334)
                        	at org.testng.SuiteRunner.runSequentially(SuiteRunner.java:329)
                        	at org.testng.SuiteRunner.privateRun(SuiteRunner.java:291)
                        	at org.testng.SuiteRunner.run(SuiteRunner.java:240)
                        	at org.testng.SuiteRunnerWorker.runSuite(SuiteRunnerWorker.java:52)
                        	at org.testng.SuiteRunnerWorker.run(SuiteRunnerWorker.java:86)
                        	at org.testng.TestNG.runSuitesSequentially(TestNG.java:1198)
                        	at org.testng.TestNG.runSuitesLocally(TestNG.java:1123)
                        	at org.testng.TestNG.run(TestNG.java:1031)
                        	at org.testng.TestNG.privateMain(TestNG.java:1338)
                        	at org.testng.TestNG.main(TestNG.java:1307)
                        Caused by: org.apache.http.conn.HttpHostConnectException: Connection to http://127.0.0.1:7055 refused
                        	at org.apache.http.impl.conn.DefaultClientConnectionOperator.openConnection(DefaultClientConnectionOperator.java:190)
                        	at org.apache.http.impl.conn.AbstractPoolEntry.open(AbstractPoolEntry.java:151)
                        	at org.apache.http.impl.conn.AbstractPooledConnAdapter.open(AbstractPooledConnAdapter.java:125)
                        	at org.apache.http.impl.client.DefaultRequestDirector.tryConnect(DefaultRequestDirector.java:640)
                        	at org.apache.http.impl.client.DefaultRequestDirector.execute(DefaultRequestDirector.java:479)
                        	at org.apache.http.impl.client.AbstractHttpClient.execute(AbstractHttpClient.java:906)
                        	at org.openqa.selenium.remote.HttpCommandExecutor.fallBackExecute(HttpCommandExecutor.java:347)
                        	at org.openqa.selenium.remote.HttpCommandExecutor.execute(HttpCommandExecutor.java:300)
                        	at org.openqa.selenium.firefox.internal.NewProfileExtensionConnection.execute(NewProfileExtensionConnection.java:133)
                        	at org.openqa.selenium.firefox.FirefoxDriver$LazyCommandExecutor.execute(FirefoxDriver.java:353)
                        	at org.openqa.selenium.remote.RemoteWebDriver.execute(RemoteWebDriver.java:505)
                        	... 29 more
                        Caused by: java.net.ConnectException: Connection refused: connect
                        	at java.net.DualStackPlainSocketImpl.waitForConnect(Native Method)
                        	at java.net.DualStackPlainSocketImpl.socketConnect(Unknown Source)
                        	at java.net.AbstractPlainSocketImpl.doConnect(Unknown Source)
                        	at java.net.AbstractPlainSocketImpl.connectToAddress(Unknown Source)
                        	at java.net.AbstractPlainSocketImpl.connect(Unknown Source)
                        	at java.net.PlainSocketImpl.connect(Unknown Source)
                        	at java.net.SocksSocketImpl.connect(Unknown Source)
                        	at java.net.Socket.connect(Unknown Source)
                        	at org.apache.http.conn.scheme.PlainSocketFactory.connectSocket(PlainSocketFactory.java:127)
                        	at org.apache.http.impl.conn.DefaultClientConnectionOperator.openConnection(DefaultClientConnectionOperator.java:180)
                        	... 39 more
                     </pre>
                  </div>
               </td>
            </tr>
            <tr id="org.ng.Projects.SearchSuggestions_SEO_cases_stopDriver_byClass_SKIP3_row"
                class="testMethodStatusSKIP testMethodStatusCONF">
               <td width="100%" class="firstMethodCell">
                  <a onclick="toggleDetailsVisibility('org.ng.Projects.SearchSuggestions_SEO_cases_stopDriver_byClass_SKIP3_details')">stopDriver()</a>
               </td>
               <td nowrap="true">14:53:22</td>
               <td nowrap="true" align="right">0 ms
                  
               </td>
               <td nowrap="true" width="50px">
                  <a onclick="toggleDetailsVisibility('org.ng.Projects.SearchSuggestions_SEO_cases_stopDriver_byClass_SKIP3_exception')">org.openqa.selenium.remote.UnreachableBrowserException:: 
                     <b>
                        Error communicating with the remote browser. It may have died.
                        Build info: version: '2.26.0', revision: '18041', time: '2012-11-01 19:33:38'
                        System info: os.name: 'Windows 8', os.arch: 'amd64', os.version: '6.2', java.version: '1.7.0_25'
                        Driver info: driver.version: RemoteWebDriver
                        
                     </b>
                  </a>
                   
                  
               </td>
               <td nowrap="true"></td>
               <td nowrap="true"></td>
            </tr>
            <tr>
               <td colspan="4" class="detailsBox">
                  <div id="org.ng.Projects.SearchSuggestions_SEO_cases_stopDriver_byClass_SKIP3_details"
                       class="testMethodDetails">
                     <div>
                        <b>Name: </b>stopDriver
                     </div>
                     <div>
                        <b>TestSteps: </b>
                     </div>
                     <div>
                        <b>Expected Result: </b>
                     </div>
                  </div>
               </td>
            </tr>
            <tr>
               <td colspan="4" class="detailsBox">
                  <div id="org.ng.Projects.SearchSuggestions_SEO_cases_stopDriver_byClass_SKIP3_exception"
                       class="testMethodDetails">
                     <pre style="padding: 5px; margin: 0;">org.openqa.selenium.remote.UnreachableBrowserException: Error communicating with the remote browser. It may have died.
                        Build info: version: '2.26.0', revision: '18041', time: '2012-11-01 19:33:38'
                        System info: os.name: 'Windows 8', os.arch: 'amd64', os.version: '6.2', java.version: '1.7.0_25'
                        Driver info: driver.version: RemoteWebDriver
                        	at org.openqa.selenium.remote.RemoteWebDriver.execute(RemoteWebDriver.java:526)
                        	at org.openqa.selenium.remote.RemoteWebDriver.execute(RemoteWebDriver.java:535)
                        	at org.openqa.selenium.remote.RemoteWebDriver.quit(RemoteWebDriver.java:405)
                        	at org.ng.Projects.SearchSuggestions_SEO_cases.stopDriver(SearchSuggestions_SEO_cases.java:73)
                        	at sun.reflect.NativeMethodAccessorImpl.invoke0(Native Method)
                        	at sun.reflect.NativeMethodAccessorImpl.invoke(Unknown Source)
                        	at sun.reflect.DelegatingMethodAccessorImpl.invoke(Unknown Source)
                        	at java.lang.reflect.Method.invoke(Unknown Source)
                        	at org.testng.internal.MethodInvocationHelper.invokeMethod(MethodInvocationHelper.java:80)
                        	at org.testng.internal.Invoker.invokeConfigurationMethod(Invoker.java:564)
                        	at org.testng.internal.Invoker.invokeConfigurations(Invoker.java:213)
                        	at org.testng.internal.Invoker.invokeMethod(Invoker.java:786)
                        	at org.testng.internal.Invoker.invokeTestMethod(Invoker.java:901)
                        	at org.testng.internal.Invoker.invokeTestMethods(Invoker.java:1231)
                        	at org.testng.internal.TestMethodWorker.invokeTestMethods(TestMethodWorker.java:127)
                        	at org.testng.internal.TestMethodWorker.run(TestMethodWorker.java:111)
                        	at org.testng.TestRunner.privateRun(TestRunner.java:767)
                        	at org.testng.TestRunner.run(TestRunner.java:617)
                        	at org.testng.SuiteRunner.runTest(SuiteRunner.java:334)
                        	at org.testng.SuiteRunner.runSequentially(SuiteRunner.java:329)
                        	at org.testng.SuiteRunner.privateRun(SuiteRunner.java:291)
                        	at org.testng.SuiteRunner.run(SuiteRunner.java:240)
                        	at org.testng.SuiteRunnerWorker.runSuite(SuiteRunnerWorker.java:52)
                        	at org.testng.SuiteRunnerWorker.run(SuiteRunnerWorker.java:86)
                        	at org.testng.TestNG.runSuitesSequentially(TestNG.java:1198)
                        	at org.testng.TestNG.runSuitesLocally(TestNG.java:1123)
                        	at org.testng.TestNG.run(TestNG.java:1031)
                        	at org.testng.TestNG.privateMain(TestNG.java:1338)
                        	at org.testng.TestNG.main(TestNG.java:1307)
                        Caused by: org.apache.http.conn.HttpHostConnectException: Connection to http://127.0.0.1:7055 refused
                        	at org.apache.http.impl.conn.DefaultClientConnectionOperator.openConnection(DefaultClientConnectionOperator.java:190)
                        	at org.apache.http.impl.conn.AbstractPoolEntry.open(AbstractPoolEntry.java:151)
                        	at org.apache.http.impl.conn.AbstractPooledConnAdapter.open(AbstractPooledConnAdapter.java:125)
                        	at org.apache.http.impl.client.DefaultRequestDirector.tryConnect(DefaultRequestDirector.java:640)
                        	at org.apache.http.impl.client.DefaultRequestDirector.execute(DefaultRequestDirector.java:479)
                        	at org.apache.http.impl.client.AbstractHttpClient.execute(AbstractHttpClient.java:906)
                        	at org.openqa.selenium.remote.HttpCommandExecutor.fallBackExecute(HttpCommandExecutor.java:329)
                        	at org.openqa.selenium.remote.HttpCommandExecutor.execute(HttpCommandExecutor.java:300)
                        	at org.openqa.selenium.firefox.internal.NewProfileExtensionConnection.execute(NewProfileExtensionConnection.java:133)
                        	at org.openqa.selenium.firefox.FirefoxDriver$LazyCommandExecutor.execute(FirefoxDriver.java:353)
                        	at org.openqa.selenium.remote.RemoteWebDriver.execute(RemoteWebDriver.java:505)
                        	... 28 more
                        Caused by: java.net.ConnectException: Connection refused: connect
                        	at java.net.DualStackPlainSocketImpl.waitForConnect(Native Method)
                        	at java.net.DualStackPlainSocketImpl.socketConnect(Unknown Source)
                        	at java.net.AbstractPlainSocketImpl.doConnect(Unknown Source)
                        	at java.net.AbstractPlainSocketImpl.connectToAddress(Unknown Source)
                        	at java.net.AbstractPlainSocketImpl.connect(Unknown Source)
                        	at java.net.PlainSocketImpl.connect(Unknown Source)
                        	at java.net.SocksSocketImpl.connect(Unknown Source)
                        	at java.net.Socket.connect(Unknown Source)
                        	at org.apache.http.conn.scheme.PlainSocketFactory.connectSocket(PlainSocketFactory.java:127)
                        	at org.apache.http.impl.conn.DefaultClientConnectionOperator.openConnection(DefaultClientConnectionOperator.java:180)
                        	... 38 more
                     </pre>
                  </div>
               </td>
            </tr>
         </table>
         <br></br>
      </div>
      <div style="margin-top: 15px; color: gray; text-align: center; font-size: 9px;">
         TestNG Reports:
         
         Selenium Framework
         
         
      </div>
   </body>
</html>